<?xml version="1.0" encoding="UTF-8"?>
<testsuite name="TestSuite" time="1,921.801" tests="36" errors="0" skipped="3" failures="1">
  <properties>
    <property name="java.runtime.name" value="OpenJDK Runtime Environment"/>
    <property name="sun.boot.library.path" value="/usr/lib/jvm/java-8-openjdk-amd64/jre/lib/amd64"/>
    <property name="java.vm.version" value="25.312-b07"/>
    <property name="java.vm.vendor" value="Private Build"/>
    <property name="maven.multiModuleProjectDirectory" value="/home/sapna.chaudhary/eclipse-workspace/ibridge"/>
    <property name="java.vendor.url" value="http://java.oracle.com/"/>
    <property name="path.separator" value=":"/>
    <property name="guice.disable.misplaced.annotation.check" value="true"/>
    <property name="java.vm.name" value="OpenJDK 64-Bit Server VM"/>
    <property name="file.encoding.pkg" value="sun.io"/>
    <property name="user.country" value="IN"/>
    <property name="sun.java.launcher" value="SUN_STANDARD"/>
    <property name="sun.os.patch.level" value="unknown"/>
    <property name="java.vm.specification.name" value="Java Virtual Machine Specification"/>
    <property name="user.dir" value="/home/sapna.chaudhary/eclipse-workspace/ibridge"/>
    <property name="java.runtime.version" value="1.8.0_312-8u312-b07-0ubuntu1~20.04-b07"/>
    <property name="java.awt.graphicsenv" value="sun.awt.X11GraphicsEnvironment"/>
    <property name="java.endorsed.dirs" value="/usr/lib/jvm/java-8-openjdk-amd64/jre/lib/endorsed"/>
    <property name="os.arch" value="amd64"/>
    <property name="java.io.tmpdir" value="/tmp"/>
    <property name="line.separator" value="&#10;"/>
    <property name="java.vm.specification.vendor" value="Oracle Corporation"/>
    <property name="os.name" value="Linux"/>
    <property name="classworlds.conf" value="/home/sapna.chaudhary/eclipse-workspace/.metadata/.plugins/org.eclipse.m2e.launching/launches/m2conf6218460871272683647.tmp"/>
    <property name="sun.jnu.encoding" value="UTF-8"/>
    <property name="java.library.path" value="/usr/java/packages/lib/amd64:/usr/lib/x86_64-linux-gnu/jni:/lib/x86_64-linux-gnu:/usr/lib/x86_64-linux-gnu:/usr/lib/jni:/lib:/usr/lib"/>
    <property name="java.specification.name" value="Java Platform API Specification"/>
    <property name="java.class.version" value="52.0"/>
    <property name="sun.management.compiler" value="HotSpot 64-Bit Tiered Compilers"/>
    <property name="os.version" value="5.13.0-44-generic"/>
    <property name="user.home" value="/home/sapna.chaudhary"/>
    <property name="user.timezone" value="Asia/Kolkata"/>
    <property name="java.awt.printerjob" value="sun.print.PSPrinterJob"/>
    <property name="file.encoding" value="UTF-8"/>
    <property name="java.specification.version" value="1.8"/>
    <property name="user.name" value="sapna.chaudhary"/>
    <property name="java.class.path" value="/snap/eclipse/48/plugins/org.eclipse.m2e.maven.runtime_1.14.0.20191209-1923/jars/plexus-classworlds-2.6.0.jar"/>
    <property name="java.vm.specification.version" value="1.8"/>
    <property name="sun.arch.data.model" value="64"/>
    <property name="java.home" value="/usr/lib/jvm/java-8-openjdk-amd64/jre"/>
    <property name="sun.java.command" value="org.codehaus.plexus.classworlds.launcher.Launcher -B test"/>
    <property name="java.specification.vendor" value="Oracle Corporation"/>
    <property name="user.language" value="en"/>
    <property name="awt.toolkit" value="sun.awt.X11.XToolkit"/>
    <property name="java.vm.info" value="mixed mode"/>
    <property name="java.version" value="1.8.0_312"/>
    <property name="java.ext.dirs" value="/usr/lib/jvm/java-8-openjdk-amd64/jre/lib/ext:/usr/java/packages/lib/ext"/>
    <property name="securerandom.source" value="file:/dev/./urandom"/>
    <property name="sun.boot.class.path" value="/usr/lib/jvm/java-8-openjdk-amd64/jre/lib/resources.jar:/usr/lib/jvm/java-8-openjdk-amd64/jre/lib/rt.jar:/usr/lib/jvm/java-8-openjdk-amd64/jre/lib/sunrsasign.jar:/usr/lib/jvm/java-8-openjdk-amd64/jre/lib/jsse.jar:/usr/lib/jvm/java-8-openjdk-amd64/jre/lib/jce.jar:/usr/lib/jvm/java-8-openjdk-amd64/jre/lib/charsets.jar:/usr/lib/jvm/java-8-openjdk-amd64/jre/lib/jfr.jar:/usr/lib/jvm/java-8-openjdk-amd64/jre/classes"/>
    <property name="java.vendor" value="Private Build"/>
    <property name="maven.home" value="/home/sapna.chaudhary/eclipse-workspace/ibridge/EMBEDDED"/>
    <property name="file.separator" value="/"/>
    <property name="java.vendor.url.bug" value="http://bugreport.sun.com/bugreport/"/>
    <property name="sun.cpu.endian" value="little"/>
    <property name="sun.io.unicode.encoding" value="UnicodeLittle"/>
    <property name="sun.desktop" value="gnome"/>
    <property name="sun.cpu.isalist" value=""/>
  </properties>
  <testcase name="signDriveLogin" classname="com.signdrive.testcases.SignDrive_Approved_Test" time="11.067"/>
  <testcase name="initiateViaCandidate" classname="com.signdrive.testcases.SignDrive_Approved_Test" time="27.944"/>
  <testcase name="uploadCTCFile" classname="com.signdrive.testcases.SignDrive_Approved_Test" time="27.927"/>
  <testcase name="emailVerification" classname="com.signdrive.testcases.SignDrive_Approved_Test" time="50.189"/>
  <testcase name="verifyOLAcceptedByCandidate" classname="com.signdrive.testcases.SignDrive_Approved_Test" time="158.705"/>
  <testcase name="bgvLogin" classname="com.signdrive.testcases.SignDrive_Approved_Test" time="64.304"/>
  <testcase name="fillAndSumitForm" classname="com.signdrive.testcases.SignDrive_Approved_Test" time="62.937"/>
  <testcase name="pendingSignOffBucket" classname="com.signdrive.testcases.SignDrive_Approved_Test" time="20.251"/>
  <testcase name="verifyInstaform" classname="com.signdrive.testcases.SignDrive_Approved_Test" time="25.53"/>
  <testcase name="instaform" classname="com.signdrive.testcases.SignDrive_Approved_Test" time="156.443"/>
  <testcase name="signDriveLogin" classname="com.signdrive.testcases.SignDrive_RejectedOfferLetter_Test" time="4.915"/>
  <testcase name="initiateViaCandidate" classname="com.signdrive.testcases.SignDrive_RejectedOfferLetter_Test" time="41.514"/>
  <testcase name="uploadCtcFile" classname="com.signdrive.testcases.SignDrive_RejectedOfferLetter_Test" time="24.193"/>
  <testcase name="candidateReceiveLink" classname="com.signdrive.testcases.SignDrive_RejectedOfferLetter_Test" time="183.886"/>
  <testcase name="signDriveLogin" classname="com.signdrive.testcases.SignDrive_Rejected_EPFO_Test" time="3.976"/>
  <testcase name="initiateViaCandidate" classname="com.signdrive.testcases.SignDrive_Rejected_EPFO_Test" time="43.664"/>
  <testcase name="uploadCTCFile" classname="com.signdrive.testcases.SignDrive_Rejected_EPFO_Test" time="23.911"/>
  <testcase name="emailVerification" classname="com.signdrive.testcases.SignDrive_Rejected_EPFO_Test" time="51.283"/>
  <testcase name="verifyOLAcceptedByCandidate" classname="com.signdrive.testcases.SignDrive_Rejected_EPFO_Test" time="171.357"/>
  <testcase name="bgvLogin" classname="com.signdrive.testcases.SignDrive_Rejected_EPFO_Test" time="67.063"/>
  <testcase name="fillAndSumitForm" classname="com.signdrive.testcases.SignDrive_Rejected_EPFO_Test" time="58.128"/>
  <testcase name="pendingSignOffBucket" classname="com.signdrive.testcases.SignDrive_Rejected_EPFO_Test" time="20.229"/>
  <testcase name="verifyInstaform" classname="com.signdrive.testcases.SignDrive_Rejected_EPFO_Test" time="23.74"/>
  <testcase name="instaform" classname="com.signdrive.testcases.SignDrive_Rejected_EPFO_Test" time="129.963"/>
  <testcase name="signDrivelogin" classname="com.signdrive.testcases.SignDrive_ManaulTrigger_Test" time="2.778"/>
  <testcase name="initiateViaCandidate" classname="com.signdrive.testcases.SignDrive_ManaulTrigger_Test" time="38.123"/>
  <testcase name="uploadCTCFile" classname="com.signdrive.testcases.SignDrive_ManaulTrigger_Test" time="28.352"/>
  <testcase name="emailVerification" classname="com.signdrive.testcases.SignDrive_ManaulTrigger_Test" time="57.995"/>
  <testcase name="verifyOLAcceptedByCandidate" classname="com.signdrive.testcases.SignDrive_ManaulTrigger_Test" time="162.731"/>
  <testcase name="bgvLogin" classname="com.signdrive.testcases.SignDrive_ManaulTrigger_Test" time="65.363"/>
  <testcase name="fillAndSubmitForm" classname="com.signdrive.testcases.SignDrive_ManaulTrigger_Test" time="60.899"/>
  <testcase name="pendingSignOffBucket" classname="com.signdrive.testcases.SignDrive_ManaulTrigger_Test" time="20.148"/>
  <testcase name="verifyInstaform" classname="com.signdrive.testcases.SignDrive_ManaulTrigger_Test" time="32.293">
    <failure message="stale element reference: element is not attached to the page document&#10;  (Session info: chrome=101.0.4951.54)&#10;For documentation on this error, please visit: http://seleniumhq.org/exceptions/stale_element_reference.html&#10;Build info: version: &apos;3.14.0&apos;, revision: &apos;aacccce0&apos;, time: &apos;2018-08-02T20:19:58.91Z&apos;&#10;System info: host: &apos;ARS-NBT-LAP-068&apos;, ip: &apos;192.168.80.30&apos;, os.name: &apos;Linux&apos;, os.arch: &apos;amd64&apos;, os.version: &apos;5.13.0-44-generic&apos;, java.version: &apos;1.8.0_312&apos;&#10;Driver info: org.openqa.selenium.chrome.ChromeDriver&#10;Capabilities {acceptInsecureCerts: false, browserName: chrome, browserVersion: 101.0.4951.54, chrome: {chromedriverVersion: 101.0.4951.41 (93c720db8323..., userDataDir: /tmp/.com.google.Chrome.LOIdO1}, goog:chromeOptions: {debuggerAddress: localhost:43787}, javascriptEnabled: true, networkConnectionEnabled: false, pageLoadStrategy: normal, platform: LINUX, platformName: LINUX, proxy: Proxy(), setWindowRect: true, strictFileInteractability: false, timeouts: {implicit: 0, pageLoad: 300000, script: 30000}, unhandledPromptBehavior: dismiss and notify, webauthn:extension:credBlob: true, webauthn:extension:largeBlob: true, webauthn:virtualAuthenticators: true}&#10;Session ID: ea4e93e855a6db24fc725ec1ca816f94" type="org.openqa.selenium.StaleElementReferenceException">org.openqa.selenium.StaleElementReferenceException: stale element reference: element is not attached to the page document
  (Session info: chrome=101.0.4951.54)
For documentation on this error, please visit: http://seleniumhq.org/exceptions/stale_element_reference.html
Build info: version: '3.14.0', revision: 'aacccce0', time: '2018-08-02T20:19:58.91Z'
System info: host: 'ARS-NBT-LAP-068', ip: '192.168.80.30', os.name: 'Linux', os.arch: 'amd64', os.version: '5.13.0-44-generic', java.version: '1.8.0_312'
Driver info: org.openqa.selenium.chrome.ChromeDriver
Capabilities {acceptInsecureCerts: false, browserName: chrome, browserVersion: 101.0.4951.54, chrome: {chromedriverVersion: 101.0.4951.41 (93c720db8323..., userDataDir: /tmp/.com.google.Chrome.LOIdO1}, goog:chromeOptions: {debuggerAddress: localhost:43787}, javascriptEnabled: true, networkConnectionEnabled: false, pageLoadStrategy: normal, platform: LINUX, platformName: LINUX, proxy: Proxy(), setWindowRect: true, strictFileInteractability: false, timeouts: {implicit: 0, pageLoad: 300000, script: 30000}, unhandledPromptBehavior: dismiss and notify, webauthn:extension:credBlob: true, webauthn:extension:largeBlob: true, webauthn:virtualAuthenticators: true}
Session ID: ea4e93e855a6db24fc725ec1ca816f94
	at sun.reflect.NativeConstructorAccessorImpl.newInstance0(Native Method)
	at sun.reflect.NativeConstructorAccessorImpl.newInstance(NativeConstructorAccessorImpl.java:62)
	at sun.reflect.DelegatingConstructorAccessorImpl.newInstance(DelegatingConstructorAccessorImpl.java:45)
	at java.lang.reflect.Constructor.newInstance(Constructor.java:423)
	at org.openqa.selenium.remote.http.W3CHttpResponseCodec.createException(W3CHttpResponseCodec.java:187)
	at org.openqa.selenium.remote.http.W3CHttpResponseCodec.decode(W3CHttpResponseCodec.java:122)
	at org.openqa.selenium.remote.http.W3CHttpResponseCodec.decode(W3CHttpResponseCodec.java:49)
	at org.openqa.selenium.remote.HttpCommandExecutor.execute(HttpCommandExecutor.java:158)
	at org.openqa.selenium.remote.service.DriverCommandExecutor.execute(DriverCommandExecutor.java:83)
	at org.openqa.selenium.remote.RemoteWebDriver.execute(RemoteWebDriver.java:548)
	at org.openqa.selenium.remote.RemoteWebElement.execute(RemoteWebElement.java:276)
	at org.openqa.selenium.remote.RemoteWebElement.click(RemoteWebElement.java:83)
	at sun.reflect.GeneratedMethodAccessor2.invoke(Unknown Source)
	at sun.reflect.DelegatingMethodAccessorImpl.invoke(DelegatingMethodAccessorImpl.java:43)
	at java.lang.reflect.Method.invoke(Method.java:498)
	at org.openqa.selenium.support.pagefactory.internal.LocatingElementHandler.invoke(LocatingElementHandler.java:51)
	at com.sun.proxy.$Proxy8.click(Unknown Source)
	at com.signdrive.pageobject.Email_Verification_page.verifyCandidateReceiveOLLink(Email_Verification_page.java:242)
	at com.signdrive.testcases.SignDrive_ManaulTrigger_Test.verifyInstaform(SignDrive_ManaulTrigger_Test.java:228)
</failure>
    <system-out><![CDATA[ INFO [main] (SignDrive_ManaulTrigger_Test.java:225)- Gmail URL is opened
enp.admin@authbridge.com
Auth@123
enp.admin@authbridge.com
Auth@123
]]></system-out>
  </testcase>
  <testcase name="instaform" classname="com.signdrive.testcases.SignDrive_ManaulTrigger_Test" time="0">
    <skipped/>
  </testcase>
  <testcase name="addAdditionalDetail" classname="com.signdrive.testcases.SignDrive_ManaulTrigger_Test" time="0">
    <skipped/>
  </testcase>
  <testcase name="alLink" classname="com.signdrive.testcases.SignDrive_ManaulTrigger_Test" time="0">
    <skipped/>
  </testcase>
</testsuite>