<?xml version="1.0" encoding="UTF-8"?>
<testsuite name="TestSuite" time="1,242.338" tests="20" errors="0" skipped="11" failures="1">
  <properties>
    <property name="java.runtime.name" value="OpenJDK Runtime Environment"/>
    <property name="sun.boot.library.path" value="/usr/lib/jvm/java-8-openjdk-amd64/jre/lib/amd64"/>
    <property name="java.vm.version" value="25.312-b07"/>
    <property name="java.vm.vendor" value="Private Build"/>
    <property name="maven.multiModuleProjectDirectory" value="/home/sapna.chaudhary/eclipse-workspace/ibridge"/>
    <property name="java.vendor.url" value="http://java.oracle.com/"/>
    <property name="path.separator" value=":"/>
    <property name="guice.disable.misplaced.annotation.check" value="true"/>
    <property name="java.vm.name" value="OpenJDK 64-Bit Server VM"/>
    <property name="file.encoding.pkg" value="sun.io"/>
    <property name="user.country" value="IN"/>
    <property name="sun.java.launcher" value="SUN_STANDARD"/>
    <property name="sun.os.patch.level" value="unknown"/>
    <property name="java.vm.specification.name" value="Java Virtual Machine Specification"/>
    <property name="user.dir" value="/home/sapna.chaudhary/eclipse-workspace/ibridge"/>
    <property name="java.runtime.version" value="1.8.0_312-8u312-b07-0ubuntu1~20.04-b07"/>
    <property name="java.awt.graphicsenv" value="sun.awt.X11GraphicsEnvironment"/>
    <property name="java.endorsed.dirs" value="/usr/lib/jvm/java-8-openjdk-amd64/jre/lib/endorsed"/>
    <property name="os.arch" value="amd64"/>
    <property name="java.io.tmpdir" value="/tmp"/>
    <property name="line.separator" value="&#10;"/>
    <property name="java.vm.specification.vendor" value="Oracle Corporation"/>
    <property name="os.name" value="Linux"/>
    <property name="classworlds.conf" value="/home/sapna.chaudhary/eclipse-workspace/.metadata/.plugins/org.eclipse.m2e.launching/launches/m2conf5546271884991039705.tmp"/>
    <property name="sun.jnu.encoding" value="UTF-8"/>
    <property name="java.library.path" value="/usr/java/packages/lib/amd64:/usr/lib/x86_64-linux-gnu/jni:/lib/x86_64-linux-gnu:/usr/lib/x86_64-linux-gnu:/usr/lib/jni:/lib:/usr/lib"/>
    <property name="java.specification.name" value="Java Platform API Specification"/>
    <property name="java.class.version" value="52.0"/>
    <property name="sun.management.compiler" value="HotSpot 64-Bit Tiered Compilers"/>
    <property name="os.version" value="5.13.0-51-generic"/>
    <property name="user.home" value="/home/sapna.chaudhary"/>
    <property name="user.timezone" value="Asia/Kolkata"/>
    <property name="java.awt.printerjob" value="sun.print.PSPrinterJob"/>
    <property name="file.encoding" value="UTF-8"/>
    <property name="java.specification.version" value="1.8"/>
    <property name="user.name" value="sapna.chaudhary"/>
    <property name="java.class.path" value="/snap/eclipse/48/plugins/org.eclipse.m2e.maven.runtime_1.14.0.20191209-1923/jars/plexus-classworlds-2.6.0.jar"/>
    <property name="java.vm.specification.version" value="1.8"/>
    <property name="sun.arch.data.model" value="64"/>
    <property name="java.home" value="/usr/lib/jvm/java-8-openjdk-amd64/jre"/>
    <property name="sun.java.command" value="org.codehaus.plexus.classworlds.launcher.Launcher -B test"/>
    <property name="java.specification.vendor" value="Oracle Corporation"/>
    <property name="user.language" value="en"/>
    <property name="awt.toolkit" value="sun.awt.X11.XToolkit"/>
    <property name="java.vm.info" value="mixed mode"/>
    <property name="java.version" value="1.8.0_312"/>
    <property name="java.ext.dirs" value="/usr/lib/jvm/java-8-openjdk-amd64/jre/lib/ext:/usr/java/packages/lib/ext"/>
    <property name="securerandom.source" value="file:/dev/./urandom"/>
    <property name="sun.boot.class.path" value="/usr/lib/jvm/java-8-openjdk-amd64/jre/lib/resources.jar:/usr/lib/jvm/java-8-openjdk-amd64/jre/lib/rt.jar:/usr/lib/jvm/java-8-openjdk-amd64/jre/lib/sunrsasign.jar:/usr/lib/jvm/java-8-openjdk-amd64/jre/lib/jsse.jar:/usr/lib/jvm/java-8-openjdk-amd64/jre/lib/jce.jar:/usr/lib/jvm/java-8-openjdk-amd64/jre/lib/charsets.jar:/usr/lib/jvm/java-8-openjdk-amd64/jre/lib/jfr.jar:/usr/lib/jvm/java-8-openjdk-amd64/jre/classes"/>
    <property name="java.vendor" value="Private Build"/>
    <property name="maven.home" value="/home/sapna.chaudhary/eclipse-workspace/ibridge/EMBEDDED"/>
    <property name="file.separator" value="/"/>
    <property name="java.vendor.url.bug" value="http://bugreport.sun.com/bugreport/"/>
    <property name="sun.cpu.endian" value="little"/>
    <property name="sun.io.unicode.encoding" value="UnicodeLittle"/>
    <property name="sun.desktop" value="gnome"/>
    <property name="sun.cpu.isalist" value=""/>
  </properties>
  <testcase name="verifyiBridgeCatLoginDetails" classname="com.iBridge.testcases.TC_CatSignOffApplicable_01" time="5.58"/>
  <testcase name="verifyBritishClientSignOffApplicableYes" classname="com.iBridge.testcases.TC_CatSignOffApplicable_01" time="9.935"/>
  <testcase name="verifyInitiateCaseIndividuallyExtended" classname="com.iBridge.testcases.TC_CatSignOffApplicable_01" time="229.901"/>
  <testcase name="verifyPendingSignOffBucket" classname="com.iBridge.testcases.TC_CatSignOffApplicable_01" time="22.64"/>
  <testcase name="verifyBritishClientSignOffApplicableNo" classname="com.iBridge.testcases.TC_CatSignOffApplicable_01" time="13.607"/>
  <testcase name="submitCaseIndividuallyExtended" classname="com.iBridge.testcases.TC_CatSignOffApplicable_01" time="245.748"/>
  <testcase name="verifyBritishClientRouteToCandidateApplicableYes" classname="com.iBridge.testcases.TC_CatSignOffApplicable_01" time="13.337"/>
  <testcase name="candidateInitiateCaseIndividuallyExtended" classname="com.iBridge.testcases.TC_CatSignOffApplicable_01" time="431.702"/>
  <testcase name="routeToCandidateRaiseInsuffAndFulfil" classname="com.iBridge.testcases.TC_CatSignOffApplicable_01" time="269.888">
    <failure message="no such element: Unable to locate element: {&quot;method&quot;:&quot;xpath&quot;,&quot;selector&quot;:&quot;/html/body/div[2]/div/div[1]/div/div[3]/div/div/div/div[3]/div/div/div[1]/div[1]/div/div/div[2]/form/div[2]/div/div[1]/div[2]/div/textarea&quot;}&#10;  (Session info: chrome=101.0.4951.54)&#10;For documentation on this error, please visit: http://seleniumhq.org/exceptions/no_such_element.html&#10;Build info: version: &apos;3.14.0&apos;, revision: &apos;aacccce0&apos;, time: &apos;2018-08-02T20:19:58.91Z&apos;&#10;System info: host: &apos;ARS-NBT-LAP-068&apos;, ip: &apos;192.168.30.30&apos;, os.name: &apos;Linux&apos;, os.arch: &apos;amd64&apos;, os.version: &apos;5.13.0-51-generic&apos;, java.version: &apos;1.8.0_312&apos;&#10;Driver info: org.openqa.selenium.chrome.ChromeDriver&#10;Capabilities {acceptInsecureCerts: false, browserName: chrome, browserVersion: 101.0.4951.54, chrome: {chromedriverVersion: 101.0.4951.41 (93c720db8323..., userDataDir: /tmp/.com.google.Chrome.dEfyxF}, goog:chromeOptions: {debuggerAddress: localhost:37385}, javascriptEnabled: true, networkConnectionEnabled: false, pageLoadStrategy: normal, platform: LINUX, platformName: LINUX, proxy: Proxy(), setWindowRect: true, strictFileInteractability: false, timeouts: {implicit: 0, pageLoad: 300000, script: 30000}, unhandledPromptBehavior: dismiss and notify, webauthn:extension:credBlob: true, webauthn:extension:largeBlob: true, webauthn:virtualAuthenticators: true}&#10;Session ID: ae92ae074556aa675857f52033711f81&#10;*** Element info: {Using=xpath, value=/html/body/div[2]/div/div[1]/div/div[3]/div/div/div/div[3]/div/div/div[1]/div[1]/div/div/div[2]/form/div[2]/div/div[1]/div[2]/div/textarea}" type="org.openqa.selenium.NoSuchElementException">org.openqa.selenium.NoSuchElementException: no such element: Unable to locate element: {"method":"xpath","selector":"/html/body/div[2]/div/div[1]/div/div[3]/div/div/div/div[3]/div/div/div[1]/div[1]/div/div/div[2]/form/div[2]/div/div[1]/div[2]/div/textarea"}
  (Session info: chrome=101.0.4951.54)
For documentation on this error, please visit: http://seleniumhq.org/exceptions/no_such_element.html
Build info: version: '3.14.0', revision: 'aacccce0', time: '2018-08-02T20:19:58.91Z'
System info: host: 'ARS-NBT-LAP-068', ip: '192.168.30.30', os.name: 'Linux', os.arch: 'amd64', os.version: '5.13.0-51-generic', java.version: '1.8.0_312'
Driver info: org.openqa.selenium.chrome.ChromeDriver
Capabilities {acceptInsecureCerts: false, browserName: chrome, browserVersion: 101.0.4951.54, chrome: {chromedriverVersion: 101.0.4951.41 (93c720db8323..., userDataDir: /tmp/.com.google.Chrome.dEfyxF}, goog:chromeOptions: {debuggerAddress: localhost:37385}, javascriptEnabled: true, networkConnectionEnabled: false, pageLoadStrategy: normal, platform: LINUX, platformName: LINUX, proxy: Proxy(), setWindowRect: true, strictFileInteractability: false, timeouts: {implicit: 0, pageLoad: 300000, script: 30000}, unhandledPromptBehavior: dismiss and notify, webauthn:extension:credBlob: true, webauthn:extension:largeBlob: true, webauthn:virtualAuthenticators: true}
Session ID: ae92ae074556aa675857f52033711f81
*** Element info: {Using=xpath, value=/html/body/div[2]/div/div[1]/div/div[3]/div/div/div/div[3]/div/div/div[1]/div[1]/div/div/div[2]/form/div[2]/div/div[1]/div[2]/div/textarea}
	at sun.reflect.NativeConstructorAccessorImpl.newInstance0(Native Method)
	at sun.reflect.NativeConstructorAccessorImpl.newInstance(NativeConstructorAccessorImpl.java:62)
	at sun.reflect.DelegatingConstructorAccessorImpl.newInstance(DelegatingConstructorAccessorImpl.java:45)
	at java.lang.reflect.Constructor.newInstance(Constructor.java:423)
	at org.openqa.selenium.remote.http.W3CHttpResponseCodec.createException(W3CHttpResponseCodec.java:187)
	at org.openqa.selenium.remote.http.W3CHttpResponseCodec.decode(W3CHttpResponseCodec.java:122)
	at org.openqa.selenium.remote.http.W3CHttpResponseCodec.decode(W3CHttpResponseCodec.java:49)
	at org.openqa.selenium.remote.HttpCommandExecutor.execute(HttpCommandExecutor.java:158)
	at org.openqa.selenium.remote.service.DriverCommandExecutor.execute(DriverCommandExecutor.java:83)
	at org.openqa.selenium.remote.RemoteWebDriver.execute(RemoteWebDriver.java:548)
	at org.openqa.selenium.remote.RemoteWebDriver.findElement(RemoteWebDriver.java:322)
	at org.openqa.selenium.remote.RemoteWebDriver.findElementByXPath(RemoteWebDriver.java:424)
	at org.openqa.selenium.By$ByXPath.findElement(By.java:353)
	at org.openqa.selenium.remote.RemoteWebDriver.findElement(RemoteWebDriver.java:314)
	at org.openqa.selenium.support.pagefactory.DefaultElementLocator.findElement(DefaultElementLocator.java:69)
	at org.openqa.selenium.support.pagefactory.internal.LocatingElementHandler.invoke(LocatingElementHandler.java:38)
	at com.sun.proxy.$Proxy8.sendKeys(Unknown Source)
	at com.iBridge.pageobject.InsufficientiBridge.fullfilInsuffRouteToCandidate(InsufficientiBridge.java:655)
	at com.iBridge.testcases.TC_InsufficientBridge_01.verifyRouteToCandidateDetails(TC_InsufficientBridge_01.java:354)
	at com.iBridge.testcases.TC_CatSignOffApplicable_01.routeToCandidateRaiseInsuffAndFulfil(TC_CatSignOffApplicable_01.java:265)
</failure>
    <system-out><![CDATA[enp.admin@authbridge.com
Auth@123
 INFO [main] (TC_InsufficientBridge_01.java:119)- Bridge Url is opened
 INFO [main] (TC_InsufficientBridge_01.java:125)- Antecedents to Verify all Records have filled Successfully!
 INFO [main] (TC_CatSignOffApplicable_01.java:246)- Check is successfully marked as Insufficient.!
 INFO [main] (TC_InsufficientBridge_01.java:142)- iBridge Url is opened
 INFO [main] (TC_InsufficientBridge_01.java:143)- Entered Username and password!
enp.admin@authbridge.com
Auth@123
 INFO [main] (TC_InsufficientBridge_01.java:149)- Pending For Fulfilment Insufficient has Added successfully!
 INFO [main] (TC_CatSignOffApplicable_01.java:248)- Insufficient details have Submitted successfully.
 INFO [main] (TC_InsufficientBridge_01.java:166)- Bridge Url is opened
 INFO [main] (TC_InsufficientBridge_01.java:167)- Bridge account has Logged successfully!
 INFO [main] (TC_InsufficientBridge_01.java:172)- Insufficiency Fulfillment details have added Successfully!
 INFO [main] (TC_CatSignOffApplicable_01.java:250)- Insufficient details have Submitted successfully.
 INFO [main] (TC_InsufficientBridge_01.java:189)- iBridge Url is opened
 INFO [main] (TC_InsufficientBridge_01.java:190)- Entered Username and password!
enp.admin@authbridge.com
Auth@123
 INFO [main] (TC_InsufficientBridge_01.java:195)- Ars Number has been Searched Successfully!
 INFO [main] (TC_CatSignOffApplicable_01.java:252)- Pending - Referred Back text has verified successfully.
 INFO [main] (TC_InsufficientBridge_01.java:212)- Bridge Url is opened
 INFO [main] (TC_InsufficientBridge_01.java:217)- Antecedents to Verify all Records have filled Successfully!
 INFO [main] (TC_CatSignOffApplicable_01.java:254)- Check is successfully marked as Insufficient.!
 INFO [main] (TC_InsufficientBridge_01.java:234)- iBridge Url is opened
 INFO [main] (TC_InsufficientBridge_01.java:235)- Entered Username and password!
enp.admin@authbridge.com
Auth@123
 INFO [main] (TC_InsufficientBridge_01.java:241)- Pending For Fulfilment Insufficient has Added successfully!
 INFO [main] (TC_CatSignOffApplicable_01.java:256)- Insufficient details have Submitted successfully.
 INFO [main] (TC_InsufficientBridge_01.java:257)- Bridge Url is opened
 INFO [main] (TC_InsufficientBridge_01.java:258)- Bridge account has Logged successfully!
 INFO [main] (TC_InsufficientBridge_01.java:261)- Insufficiency Fulfillment details have added Successfully!
 INFO [main] (TC_CatSignOffApplicable_01.java:258)- Insufficient details have Submitted successfully.
 INFO [main] (TC_InsufficientBridge_01.java:277)- iBridge Url is opened
 INFO [main] (TC_InsufficientBridge_01.java:278)- Entered Username and password!
enp.admin@authbridge.com
Auth@123
 INFO [main] (TC_InsufficientBridge_01.java:283)- Ars Number has been Searched Successfully!
 INFO [main] (TC_CatSignOffApplicable_01.java:260)- Fulfilled - Referred Back text has got successfully.
enp.admin@authbridge.com
Auth@123
 INFO [main] (TC_InsufficientBridge_01.java:300)- Check(s) Routed to the candidate!
 INFO [main] (TC_InsufficientBridge_01.java:311)- iBridge Url is opened
 INFO [main] (TC_InsufficientBridge_01.java:313)- BT account has logged out successfully!
 INFO [main] (TC_CatSignOffApplicable_01.java:262)- Check(s) routed to the candidate has successfully.
enp.admin@authbridge.com
Auth@123
 INFO [main] (TC_InsufficientBridge_01.java:324)- Mailinator Mail Url is opened Successfully!
 INFO [main] (TC_InsufficientBridge_01.java:326)- Candidate malinator mail, Username and Password has verified Successfully!
[Ljava.lang.String;@29726180 INFO [main] (TC_InsufficientBridge_01.java:338)- Route To candidate userName and password has got successfully!
 INFO [main] (TC_CatSignOffApplicable_01.java:264)- Background Check for British Telecom Additional information required has successfully.
 INFO [main] (TC_InsufficientBridge_01.java:346)- Candidate Login iBridge portal Url is opened
LYZ_7802_10320_23966===W8Z01qy47k
 INFO [main] (TC_InsufficientBridge_01.java:352)- Route To Candidate has logged in Successully!
enp.admin@authbridge.com
Auth@123
]]></system-out>
  </testcase>
  <testcase name="verifyrouteToCandidateApplicableNo" classname="com.iBridge.testcases.TC_CatSignOffApplicable_01" time="0">
    <skipped/>
  </testcase>
  <testcase name="verifyrouteToCandidateButtonPresentOrNot" classname="com.iBridge.testcases.TC_CatSignOffApplicable_01" time="0">
    <skipped/>
  </testcase>
  <testcase name="verifyBritishClientNidPassport" classname="com.iBridge.testcases.TC_CatSignOffApplicable_01" time="0">
    <skipped/>
  </testcase>
  <testcase name="verifyNidPassportDropDown" classname="com.iBridge.testcases.TC_CatSignOffApplicable_01" time="0">
    <skipped/>
  </testcase>
  <testcase name="verifyBritishClientNidPassportAndPanCard" classname="com.iBridge.testcases.TC_CatSignOffApplicable_01" time="0">
    <skipped/>
  </testcase>
  <testcase name="verifyNidVoterIdAndDrivingLicenseDropDown" classname="com.iBridge.testcases.TC_CatSignOffApplicable_01" time="0">
    <skipped/>
  </testcase>
  <testcase name="verifyGapReasonApplicableNo" classname="com.iBridge.testcases.TC_CatSignOffApplicable_01" time="0">
    <skipped/>
  </testcase>
  <testcase name="verifyGapReasonApplicableFormNotPresent" classname="com.iBridge.testcases.TC_CatSignOffApplicable_01" time="0">
    <skipped/>
  </testcase>
  <testcase name="verifyGapReasonApplicableFormPresent" classname="com.iBridge.testcases.TC_CatSignOffApplicable_01" time="0">
    <skipped/>
  </testcase>
  <testcase name="verifyEnpAdminLoginAccount" classname="com.iBridge.testcases.TC_CatSignOffApplicable_01" time="0">
    <skipped/>
  </testcase>
  <testcase name="verifyGapReasonApplicableYes" classname="com.iBridge.testcases.TC_CatSignOffApplicable_01" time="0">
    <skipped/>
  </testcase>
</testsuite>