<?xml version="1.0" encoding="UTF-8"?>
<testsuite name="TestSuite" time="941.388" tests="27" errors="0" skipped="2" failures="1">
  <properties>
    <property name="java.runtime.name" value="OpenJDK Runtime Environment"/>
    <property name="sun.boot.library.path" value="/usr/lib/jvm/java-8-openjdk-amd64/jre/lib/amd64"/>
    <property name="java.vm.version" value="25.312-b07"/>
    <property name="java.vm.vendor" value="Private Build"/>
    <property name="maven.multiModuleProjectDirectory" value="/home/sapna.chaudhary/eclipse-workspace/ibridge"/>
    <property name="java.vendor.url" value="http://java.oracle.com/"/>
    <property name="path.separator" value=":"/>
    <property name="guice.disable.misplaced.annotation.check" value="true"/>
    <property name="java.vm.name" value="OpenJDK 64-Bit Server VM"/>
    <property name="file.encoding.pkg" value="sun.io"/>
    <property name="user.country" value="IN"/>
    <property name="sun.java.launcher" value="SUN_STANDARD"/>
    <property name="sun.os.patch.level" value="unknown"/>
    <property name="java.vm.specification.name" value="Java Virtual Machine Specification"/>
    <property name="user.dir" value="/home/sapna.chaudhary/eclipse-workspace/ibridge"/>
    <property name="java.runtime.version" value="1.8.0_312-8u312-b07-0ubuntu1~20.04-b07"/>
    <property name="java.awt.graphicsenv" value="sun.awt.X11GraphicsEnvironment"/>
    <property name="java.endorsed.dirs" value="/usr/lib/jvm/java-8-openjdk-amd64/jre/lib/endorsed"/>
    <property name="os.arch" value="amd64"/>
    <property name="java.io.tmpdir" value="/tmp"/>
    <property name="line.separator" value="&#10;"/>
    <property name="java.vm.specification.vendor" value="Oracle Corporation"/>
    <property name="os.name" value="Linux"/>
    <property name="classworlds.conf" value="/home/sapna.chaudhary/eclipse-workspace/.metadata/.plugins/org.eclipse.m2e.launching/launches/m2conf5405354633283282206.tmp"/>
    <property name="sun.jnu.encoding" value="UTF-8"/>
    <property name="java.library.path" value="/usr/java/packages/lib/amd64:/usr/lib/x86_64-linux-gnu/jni:/lib/x86_64-linux-gnu:/usr/lib/x86_64-linux-gnu:/usr/lib/jni:/lib:/usr/lib"/>
    <property name="java.specification.name" value="Java Platform API Specification"/>
    <property name="java.class.version" value="52.0"/>
    <property name="sun.management.compiler" value="HotSpot 64-Bit Tiered Compilers"/>
    <property name="os.version" value="5.13.0-51-generic"/>
    <property name="user.home" value="/home/sapna.chaudhary"/>
    <property name="user.timezone" value="Asia/Kolkata"/>
    <property name="java.awt.printerjob" value="sun.print.PSPrinterJob"/>
    <property name="file.encoding" value="UTF-8"/>
    <property name="java.specification.version" value="1.8"/>
    <property name="user.name" value="sapna.chaudhary"/>
    <property name="java.class.path" value="/snap/eclipse/48/plugins/org.eclipse.m2e.maven.runtime_1.14.0.20191209-1923/jars/plexus-classworlds-2.6.0.jar"/>
    <property name="java.vm.specification.version" value="1.8"/>
    <property name="sun.arch.data.model" value="64"/>
    <property name="java.home" value="/usr/lib/jvm/java-8-openjdk-amd64/jre"/>
    <property name="sun.java.command" value="org.codehaus.plexus.classworlds.launcher.Launcher -B test"/>
    <property name="java.specification.vendor" value="Oracle Corporation"/>
    <property name="user.language" value="en"/>
    <property name="awt.toolkit" value="sun.awt.X11.XToolkit"/>
    <property name="java.vm.info" value="mixed mode"/>
    <property name="java.version" value="1.8.0_312"/>
    <property name="java.ext.dirs" value="/usr/lib/jvm/java-8-openjdk-amd64/jre/lib/ext:/usr/java/packages/lib/ext"/>
    <property name="securerandom.source" value="file:/dev/./urandom"/>
    <property name="sun.boot.class.path" value="/usr/lib/jvm/java-8-openjdk-amd64/jre/lib/resources.jar:/usr/lib/jvm/java-8-openjdk-amd64/jre/lib/rt.jar:/usr/lib/jvm/java-8-openjdk-amd64/jre/lib/sunrsasign.jar:/usr/lib/jvm/java-8-openjdk-amd64/jre/lib/jsse.jar:/usr/lib/jvm/java-8-openjdk-amd64/jre/lib/jce.jar:/usr/lib/jvm/java-8-openjdk-amd64/jre/lib/charsets.jar:/usr/lib/jvm/java-8-openjdk-amd64/jre/lib/jfr.jar:/usr/lib/jvm/java-8-openjdk-amd64/jre/classes"/>
    <property name="java.vendor" value="Private Build"/>
    <property name="maven.home" value="/home/sapna.chaudhary/eclipse-workspace/ibridge/EMBEDDED"/>
    <property name="file.separator" value="/"/>
    <property name="java.vendor.url.bug" value="http://bugreport.sun.com/bugreport/"/>
    <property name="sun.cpu.endian" value="little"/>
    <property name="sun.io.unicode.encoding" value="UnicodeLittle"/>
    <property name="sun.desktop" value="gnome"/>
    <property name="sun.cpu.isalist" value=""/>
  </properties>
  <testcase name="initiateCaseIndividuallyExtended" classname="com.iBridge.testcases.TC_InitiateCaseIndividuallyExtended_01" time="59.679"/>
  <testcase name="pendingCaseSubmissionVerification" classname="com.iBridge.testcases.TC_InitiateCaseIndividuallyExtended_01" time="12.457"/>
  <testcase name="candidateEmailVerification" classname="com.iBridge.testcases.TC_InitiateCaseIndividuallyExtended_01" time="5.121"/>
  <testcase name="candidateLoginAccount" classname="com.iBridge.testcases.TC_InitiateCaseIndividuallyExtended_01" time="218.488"/>
  <testcase name="submittedForVerification" classname="com.iBridge.testcases.TC_InitiateCaseIndividuallyExtended_01" time="32.465"/>
  <testcase name="submittedCasesTrackerWipCases" classname="com.iBridge.testcases.TC_InitiateCaseIndividuallyExtended_01" time="5.999"/>
  <testcase name="searchClientArsNoCaseList" classname="com.iBridge.testcases.TC_InitiateCaseIndividuallyExtended_01" time="13.733"/>
  <testcase name="verifyInsufficientDocsQcAllocator" classname="com.iBridge.testcases.TC_InitiateCaseIndividuallyExtended_01" time="49.134"/>
  <testcase name="verifyInsufficientDocsQuality" classname="com.iBridge.testcases.TC_InitiateCaseIndividuallyExtended_01" time="112.872"/>
  <testcase name="verifyInsufficientAllocator" classname="com.iBridge.testcases.TC_InitiateCaseIndividuallyExtended_01" time="16.377"/>
  <testcase name="verifyInsufficientVerifier" classname="com.iBridge.testcases.TC_InsufficientBridge_01" time="34.914"/>
  <testcase name="verifyInsufficientpendingForFulfilment" classname="com.iBridge.testcases.TC_InsufficientBridge_01" time="25.172"/>
  <testcase name="verifyInsufficiencyFulfillment" classname="com.iBridge.testcases.TC_InsufficientBridge_01" time="14.283"/>
  <testcase name="verifyInsufficientCasesPresentOrNot" classname="com.iBridge.testcases.TC_InsufficientBridge_01" time="10.572"/>
  <testcase name="verifyInsufficientVerifierPanCheck" classname="com.iBridge.testcases.TC_InsufficientBridge_01" time="29.596"/>
  <testcase name="verifyInsufficientpendingForPanNumberFulfilment" classname="com.iBridge.testcases.TC_InsufficientBridge_01" time="11.998"/>
  <testcase name="verifyInsufficiencyPartiallyApproveFulfillment" classname="com.iBridge.testcases.TC_InsufficientBridge_01" time="13.3"/>
  <testcase name="verifyInsufficientPartiallyApproveCasesPresentOrNot" classname="com.iBridge.testcases.TC_InsufficientBridge_01" time="10.362"/>
  <testcase name="verifyInsufficientVerifierIndianDatabaseCheck" classname="com.iBridge.testcases.TC_InsufficientBridge_01" time="22.117"/>
  <testcase name="verifyInsufficientpendingForIndianDatabaseFulfilment" classname="com.iBridge.testcases.TC_InsufficientBridge_01" time="12.742"/>
  <testcase name="verifyInsufficiencyRejectedFulfillment" classname="com.iBridge.testcases.TC_InsufficientBridge_01" time="14.848"/>
  <testcase name="verifyInsufficientRejectedCasesPresentOrNot" classname="com.iBridge.testcases.TC_InsufficientBridge_01" time="11.981"/>
  <testcase name="verifyRoutedToCandidate" classname="com.iBridge.testcases.TC_InsufficientBridge_01" time="12.359"/>
  <testcase name="verifyGetRouteToCandidateUserNameAndPassword" classname="com.iBridge.testcases.TC_InsufficientBridge_01" time="4.358"/>
  <testcase name="verifyRouteToCandidateDetails" classname="com.iBridge.testcases.TC_InsufficientBridge_01" time="186.461">
    <failure message="Expected condition failed: waiting for visibility of Proxy element for: DefaultElementLocator &apos;By.xpath: /html/body/div[2]/div/div[1]/div/div[3]/div/div/div/div[2]/div/div/div[1]/div[1]/div/div/div[3]/form/div[2]/div/div[1]/div[2]/div/textarea&apos; (tried for 60 second(s) with 500 milliseconds interval)" type="org.openqa.selenium.TimeoutException">org.openqa.selenium.TimeoutException: Expected condition failed: waiting for visibility of Proxy element for: DefaultElementLocator 'By.xpath: /html/body/div[2]/div/div[1]/div/div[3]/div/div/div/div[2]/div/div/div[1]/div[1]/div/div/div[3]/form/div[2]/div/div[1]/div[2]/div/textarea' (tried for 60 second(s) with 500 milliseconds interval)
	at sun.reflect.NativeConstructorAccessorImpl.newInstance0(Native Method)
	at sun.reflect.NativeConstructorAccessorImpl.newInstance(NativeConstructorAccessorImpl.java:62)
	at sun.reflect.DelegatingConstructorAccessorImpl.newInstance(DelegatingConstructorAccessorImpl.java:45)
	at java.lang.reflect.Constructor.newInstance(Constructor.java:423)
	at org.openqa.selenium.remote.http.W3CHttpResponseCodec.createException(W3CHttpResponseCodec.java:187)
	at org.openqa.selenium.remote.http.W3CHttpResponseCodec.decode(W3CHttpResponseCodec.java:122)
	at org.openqa.selenium.remote.http.W3CHttpResponseCodec.decode(W3CHttpResponseCodec.java:49)
	at org.openqa.selenium.remote.HttpCommandExecutor.execute(HttpCommandExecutor.java:158)
	at org.openqa.selenium.remote.service.DriverCommandExecutor.execute(DriverCommandExecutor.java:83)
	at org.openqa.selenium.remote.RemoteWebDriver.execute(RemoteWebDriver.java:548)
	at org.openqa.selenium.remote.RemoteWebDriver.findElement(RemoteWebDriver.java:322)
	at org.openqa.selenium.remote.RemoteWebDriver.findElementByXPath(RemoteWebDriver.java:424)
	at org.openqa.selenium.By$ByXPath.findElement(By.java:353)
	at org.openqa.selenium.remote.RemoteWebDriver.findElement(RemoteWebDriver.java:314)
	at org.openqa.selenium.support.pagefactory.DefaultElementLocator.findElement(DefaultElementLocator.java:69)
	at org.openqa.selenium.support.pagefactory.internal.LocatingElementHandler.invoke(LocatingElementHandler.java:38)
	at com.sun.proxy.$Proxy8.isDisplayed(Unknown Source)
	at org.openqa.selenium.support.ui.ExpectedConditions.elementIfVisible(ExpectedConditions.java:315)
	at org.openqa.selenium.support.ui.ExpectedConditions.access$100(ExpectedConditions.java:44)
	at org.openqa.selenium.support.ui.ExpectedConditions$10.apply(ExpectedConditions.java:301)
	at org.openqa.selenium.support.ui.ExpectedConditions$10.apply(ExpectedConditions.java:298)
	at org.openqa.selenium.support.ui.FluentWait.until(FluentWait.java:260)
	at com.iBridge.pageobject.InsufficientiBridge.fullfilInsuffRouteToCandidate(InsufficientiBridge.java:650)
	at com.iBridge.testcases.TC_InsufficientBridge_01.verifyRouteToCandidateDetails(TC_InsufficientBridge_01.java:354)
</failure>
    <system-out><![CDATA[ INFO [main] (TC_InsufficientBridge_01.java:346)- Candidate Login iBridge portal Url is opened
JGI_5229_9878_67698===7u3B6e8S09
 INFO [main] (TC_InsufficientBridge_01.java:352)- Route To Candidate has logged in Successully!
enp.admin@authbridge.com
Auth@123
]]></system-out>
  </testcase>
  <testcase name="verifyRouteToCandidatefullfilInsuffBucket" classname="com.iBridge.testcases.TC_InsufficientBridge_01" time="0">
    <skipped/>
  </testcase>
  <testcase name="verifyClientAcknowledgeMail" classname="com.iBridge.testcases.TC_InsufficientBridge_01" time="0">
    <skipped/>
  </testcase>
</testsuite>