<?xml version="1.0" encoding="UTF-8"?>
<!-- Generated by org.testng.reporters.JUnitReportReporter -->
<testsuite skipped="0" hostname="ARS-NBT-LAP-068" name="com.signdrive.testcases.Initiate_newcase_test" tests="6" failures="0" timestamp="22 May 2022 16:01:25 GMT" time="149.122" errors="0">
  <testcase name="SignDrivelogintest" time="24.177" classname="com.signdrive.testcases.Initiate_newcase_test"/>
  <testcase name="iViaCandidate" time="32.058" classname="com.signdrive.testcases.Initiate_newcase_test"/>
  <testcase name="checkwise" time="10.856" classname="com.signdrive.testcases.Initiate_newcase_test"/>
  <testcase name="firstname" time="3.844" classname="com.signdrive.testcases.Initiate_newcase_test"/>
  <testcase name="additionalFields" time="47.693" classname="com.signdrive.testcases.Initiate_newcase_test"/>
  <testcase name="uploadFile" time="30.494" classname="com.signdrive.testcases.Initiate_newcase_test"/>
</testsuite> <!-- com.signdrive.testcases.Initiate_newcase_test -->
