<?xml version="1.0" encoding="UTF-8"?>
<!-- Generated by org.testng.reporters.JUnitReportReporter -->
<testsuite skipped="0" hostname="ARS-NBT-LAP-068" name="com.iBridge.sme.testcases.TC_WithdrawSmeCase_01" tests="4" failures="0" timestamp="16 Jun 2022 05:58:12 GMT" time="277.623" errors="0">
  <testcase name="verifyFormNotSubmittedCaseWithdraw" time="36.582" classname="com.iBridge.sme.testcases.TC_WithdrawSmeCase_01"/>
  <testcase name="verifyCandidateNameInWithdrawnBucket" time="2.935" classname="com.iBridge.sme.testcases.TC_WithdrawSmeCase_01"/>
  <testcase name="verifyInitiateViaCandidateCaseWithdraw" time="235.597" classname="com.iBridge.sme.testcases.TC_WithdrawSmeCase_01"/>
  <testcase name="verifyclosedByClientBucket" time="2.509" classname="com.iBridge.sme.testcases.TC_WithdrawSmeCase_01"/>
</testsuite> <!-- com.iBridge.sme.testcases.TC_WithdrawSmeCase_01 -->
