<?xml version="1.0" encoding="UTF-8"?>
<!-- Generated by org.testng.reporters.JUnitReportReporter -->
<testsuite skipped="16" hostname="ARS-NBT-LAP-068" name="com.iBridge.testcases.TC_InsufficientBridge_01" tests="17" failures="0" timestamp="05 Jul 2022 12:49:48 GMT" time="43.755" errors="1">
  <testcase name="verifyInsufficientVerifier" time="43.755" classname="com.iBridge.testcases.TC_InsufficientBridge_01">
    <error type="java.lang.NullPointerException">
      <![CDATA[java.lang.NullPointerException
at sun.reflect.NativeMethodAccessorImpl.invoke0(Native Method)
at sun.reflect.NativeMethodAccessorImpl.invoke(NativeMethodAccessorImpl.java:62)
at sun.reflect.DelegatingMethodAccessorImpl.invoke(DelegatingMethodAccessorImpl.java:43)
at java.lang.reflect.Method.invoke(Method.java:498)
at org.openqa.selenium.support.pagefactory.internal.LocatingElementHandler.invoke(LocatingElementHandler.java:51)
at com.sun.proxy.$Proxy8.getTagName(Unknown Source)
at org.openqa.selenium.support.ui.Select.<init>(Select.java:44)
at com.iBridge.pageobject.InsufficientBridge.superAdminVerifier(InsufficientBridge.java:1424)
at com.iBridge.testcases.TC_InsufficientBridge_01.verifyInsufficientVerifier(TC_InsufficientBridge_01.java:30)
at sun.reflect.NativeMethodAccessorImpl.invoke0(Native Method)
at sun.reflect.NativeMethodAccessorImpl.invoke(NativeMethodAccessorImpl.java:62)
at sun.reflect.DelegatingMethodAccessorImpl.invoke(DelegatingMethodAccessorImpl.java:43)
at java.lang.reflect.Method.invoke(Method.java:498)
at org.testng.internal.MethodInvocationHelper.invokeMethod(MethodInvocationHelper.java:124)
at org.testng.internal.Invoker.invokeMethod(Invoker.java:583)
at org.testng.internal.Invoker.invokeTestMethod(Invoker.java:719)
at org.testng.internal.Invoker.invokeTestMethods(Invoker.java:989)
at org.testng.internal.TestMethodWorker.invokeTestMethods(TestMethodWorker.java:125)
at org.testng.internal.TestMethodWorker.run(TestMethodWorker.java:109)
at org.testng.TestRunner.privateRun(TestRunner.java:648)
at org.testng.TestRunner.run(TestRunner.java:505)
at org.testng.SuiteRunner.runTest(SuiteRunner.java:455)
at org.testng.SuiteRunner.runSequentially(SuiteRunner.java:450)
at org.testng.SuiteRunner.privateRun(SuiteRunner.java:415)
at org.testng.SuiteRunner.run(SuiteRunner.java:364)
at org.testng.SuiteRunnerWorker.runSuite(SuiteRunnerWorker.java:52)
at org.testng.SuiteRunnerWorker.run(SuiteRunnerWorker.java:84)
at org.testng.TestNG.runSuitesSequentially(TestNG.java:1208)
at org.testng.TestNG.runSuitesLocally(TestNG.java:1137)
at org.testng.TestNG.runSuites(TestNG.java:1049)
at org.testng.TestNG.run(TestNG.java:1017)
at org.apache.maven.surefire.testng.TestNGExecutor.run(TestNGExecutor.java:295)
at org.apache.maven.surefire.testng.TestNGXmlTestSuite.execute(TestNGXmlTestSuite.java:84)
at org.apache.maven.surefire.testng.TestNGProvider.invoke(TestNGProvider.java:90)
at org.apache.maven.surefire.booter.ForkedBooter.invokeProviderInSameClassLoader(ForkedBooter.java:203)
at org.apache.maven.surefire.booter.ForkedBooter.runSuitesInProcess(ForkedBooter.java:155)
at org.apache.maven.surefire.booter.ForkedBooter.main(ForkedBooter.java:103)
]]>
    </error>
  </testcase> <!-- verifyInsufficientVerifier -->
  <testcase name="verifyInsufficientpendingForFulfilment" time="0.000" classname="com.iBridge.testcases.TC_InsufficientBridge_01">
    <skipped/>
  </testcase> <!-- verifyInsufficientpendingForFulfilment -->
  <testcase name="verifyInsufficiencyFulfillment" time="0.000" classname="com.iBridge.testcases.TC_InsufficientBridge_01">
    <skipped/>
  </testcase> <!-- verifyInsufficiencyFulfillment -->
  <testcase name="verifyInsufficientCasesPresentOrNot" time="0.000" classname="com.iBridge.testcases.TC_InsufficientBridge_01">
    <skipped/>
  </testcase> <!-- verifyInsufficientCasesPresentOrNot -->
  <testcase name="verifyInsufficientVerifierPanCheck" time="0.000" classname="com.iBridge.testcases.TC_InsufficientBridge_01">
    <skipped/>
  </testcase> <!-- verifyInsufficientVerifierPanCheck -->
  <testcase name="verifyInsufficientpendingForPanNumberFulfilment" time="0.000" classname="com.iBridge.testcases.TC_InsufficientBridge_01">
    <skipped/>
  </testcase> <!-- verifyInsufficientpendingForPanNumberFulfilment -->
  <testcase name="verifyInsufficiencyPartiallyApproveFulfillment" time="0.000" classname="com.iBridge.testcases.TC_InsufficientBridge_01">
    <skipped/>
  </testcase> <!-- verifyInsufficiencyPartiallyApproveFulfillment -->
  <testcase name="verifyInsufficientPartiallyApproveCasesPresentOrNot" time="0.000" classname="com.iBridge.testcases.TC_InsufficientBridge_01">
    <skipped/>
  </testcase> <!-- verifyInsufficientPartiallyApproveCasesPresentOrNot -->
  <testcase name="verifyInsufficientVerifierIndianDatabaseCheck" time="0.000" classname="com.iBridge.testcases.TC_InsufficientBridge_01">
    <skipped/>
  </testcase> <!-- verifyInsufficientVerifierIndianDatabaseCheck -->
  <testcase name="verifyInsufficientpendingForIndianDatabaseFulfilment" time="0.000" classname="com.iBridge.testcases.TC_InsufficientBridge_01">
    <skipped/>
  </testcase> <!-- verifyInsufficientpendingForIndianDatabaseFulfilment -->
  <testcase name="verifyInsufficiencyRejectedFulfillment" time="0.000" classname="com.iBridge.testcases.TC_InsufficientBridge_01">
    <skipped/>
  </testcase> <!-- verifyInsufficiencyRejectedFulfillment -->
  <testcase name="verifyInsufficientRejectedCasesPresentOrNot" time="0.000" classname="com.iBridge.testcases.TC_InsufficientBridge_01">
    <skipped/>
  </testcase> <!-- verifyInsufficientRejectedCasesPresentOrNot -->
  <testcase name="verifyRoutedToCandidate" time="0.000" classname="com.iBridge.testcases.TC_InsufficientBridge_01">
    <skipped/>
  </testcase> <!-- verifyRoutedToCandidate -->
  <testcase name="verifyGetRouteToCandidateUserNameAndPassword" time="0.000" classname="com.iBridge.testcases.TC_InsufficientBridge_01">
    <skipped/>
  </testcase> <!-- verifyGetRouteToCandidateUserNameAndPassword -->
  <testcase name="verifyRouteToCandidateDetails" time="0.000" classname="com.iBridge.testcases.TC_InsufficientBridge_01">
    <skipped/>
  </testcase> <!-- verifyRouteToCandidateDetails -->
  <testcase name="verifyRouteToCandidatefullfilInsuffBucket" time="0.000" classname="com.iBridge.testcases.TC_InsufficientBridge_01">
    <skipped/>
  </testcase> <!-- verifyRouteToCandidatefullfilInsuffBucket -->
  <testcase name="verifyClientAcknowledgeMail" time="0.000" classname="com.iBridge.testcases.TC_InsufficientBridge_01">
    <skipped/>
  </testcase> <!-- verifyClientAcknowledgeMail -->
</testsuite> <!-- com.iBridge.testcases.TC_InsufficientBridge_01 -->
