<?xml version="1.0" encoding="UTF-8"?>
<!-- Generated by org.testng.reporters.JUnitReportReporter -->
<testsuite skipped="0" hostname="ARS-NBT-LAP-068" name="com.iBridge.testcases.TC_SubmitCaseIndividuallyExtended_03" tests="5" failures="0" timestamp="22 Jul 2022 06:36:11 GMT" time="246.422" errors="0">
  <testcase name="submitCaseIndividuallyExtended" time="208.079" classname="com.iBridge.testcases.TC_SubmitCaseIndividuallyExtended_03"/>
  <testcase name="submittedForVerification" time="6.830" classname="com.iBridge.testcases.TC_SubmitCaseIndividuallyExtended_03"/>
  <testcase name="submittedCasesTrackerWipCases" time="5.571" classname="com.iBridge.testcases.TC_SubmitCaseIndividuallyExtended_03"/>
  <testcase name="searchClientArsNoCaseList" time="9.448" classname="com.iBridge.testcases.TC_SubmitCaseIndividuallyExtended_03"/>
  <testcase name="verifyStopCaseCloseByClient" time="16.494" classname="com.iBridge.testcases.TC_SubmitCaseIndividuallyExtended_03"/>
</testsuite> <!-- com.iBridge.testcases.TC_SubmitCaseIndividuallyExtended_03 -->
