<?xml version="1.0" encoding="UTF-8"?>
<!-- Generated by org.testng.reporters.JUnitReportReporter -->
<testsuite skipped="16" hostname="ARS-NBT-LAP-068" name="com.iBridge.sme.testcases.TC_InsufficientBridgeSme_01" tests="18" failures="0" timestamp="17 Jun 2022 12:59:25 GMT" time="121.766" errors="1">
  <testcase name="verifyInsufficientVerifier" time="91.345" classname="com.iBridge.sme.testcases.TC_InsufficientBridgeSme_01"/>
  <testcase name="verifyInsufficientAppearingOniBridge" time="30.421" classname="com.iBridge.sme.testcases.TC_InsufficientBridgeSme_01">
    <error type="java.lang.NullPointerException">
      <![CDATA[java.lang.NullPointerException
at sun.reflect.NativeMethodAccessorImpl.invoke0(Native Method)
at sun.reflect.NativeMethodAccessorImpl.invoke(NativeMethodAccessorImpl.java:62)
at sun.reflect.DelegatingMethodAccessorImpl.invoke(DelegatingMethodAccessorImpl.java:43)
at java.lang.reflect.Method.invoke(Method.java:498)
at org.openqa.selenium.support.pagefactory.internal.LocatingElementHandler.invoke(LocatingElementHandler.java:51)
at com.sun.proxy.$Proxy8.isDisplayed(Unknown Source)
at org.openqa.selenium.support.ui.ExpectedConditions.elementIfVisible(ExpectedConditions.java:315)
at org.openqa.selenium.support.ui.ExpectedConditions.access$100(ExpectedConditions.java:44)
at org.openqa.selenium.support.ui.ExpectedConditions$10.apply(ExpectedConditions.java:301)
at org.openqa.selenium.support.ui.ExpectedConditions$10.apply(ExpectedConditions.java:298)
at org.openqa.selenium.support.ui.FluentWait.until(FluentWait.java:260)
at com.iBridge.sme.pageobject.InsufficientiBridgeSme.insuffRaiseInInsufficienciesBucket(InsufficientiBridgeSme.java:260)
at com.iBridge.sme.testcases.TC_InsufficientBridgeSme_01.verifyInsufficientAppearingOniBridge(TC_InsufficientBridgeSme_01.java:58)
at sun.reflect.NativeMethodAccessorImpl.invoke0(Native Method)
at sun.reflect.NativeMethodAccessorImpl.invoke(NativeMethodAccessorImpl.java:62)
at sun.reflect.DelegatingMethodAccessorImpl.invoke(DelegatingMethodAccessorImpl.java:43)
at java.lang.reflect.Method.invoke(Method.java:498)
at org.testng.internal.MethodInvocationHelper.invokeMethod(MethodInvocationHelper.java:124)
at org.testng.internal.Invoker.invokeMethod(Invoker.java:583)
at org.testng.internal.Invoker.invokeTestMethod(Invoker.java:719)
at org.testng.internal.Invoker.invokeTestMethods(Invoker.java:989)
at org.testng.internal.TestMethodWorker.invokeTestMethods(TestMethodWorker.java:125)
at org.testng.internal.TestMethodWorker.run(TestMethodWorker.java:109)
at org.testng.TestRunner.privateRun(TestRunner.java:648)
at org.testng.TestRunner.run(TestRunner.java:505)
at org.testng.SuiteRunner.runTest(SuiteRunner.java:455)
at org.testng.SuiteRunner.runSequentially(SuiteRunner.java:450)
at org.testng.SuiteRunner.privateRun(SuiteRunner.java:415)
at org.testng.SuiteRunner.run(SuiteRunner.java:364)
at org.testng.SuiteRunnerWorker.runSuite(SuiteRunnerWorker.java:52)
at org.testng.SuiteRunnerWorker.run(SuiteRunnerWorker.java:84)
at org.testng.TestNG.runSuitesSequentially(TestNG.java:1208)
at org.testng.TestNG.runSuitesLocally(TestNG.java:1137)
at org.testng.TestNG.runSuites(TestNG.java:1049)
at org.testng.TestNG.run(TestNG.java:1017)
at org.apache.maven.surefire.testng.TestNGExecutor.run(TestNGExecutor.java:295)
at org.apache.maven.surefire.testng.TestNGXmlTestSuite.execute(TestNGXmlTestSuite.java:84)
at org.apache.maven.surefire.testng.TestNGProvider.invoke(TestNGProvider.java:90)
at org.apache.maven.surefire.booter.ForkedBooter.invokeProviderInSameClassLoader(ForkedBooter.java:203)
at org.apache.maven.surefire.booter.ForkedBooter.runSuitesInProcess(ForkedBooter.java:155)
at org.apache.maven.surefire.booter.ForkedBooter.main(ForkedBooter.java:103)
]]>
    </error>
  </testcase> <!-- verifyInsufficientAppearingOniBridge -->
  <testcase name="verifyInsufficientpendingForFulfilment" time="0.000" classname="com.iBridge.sme.testcases.TC_InsufficientBridgeSme_01">
    <skipped/>
  </testcase> <!-- verifyInsufficientpendingForFulfilment -->
  <testcase name="verifyInsufficiencyFulfillment" time="0.000" classname="com.iBridge.sme.testcases.TC_InsufficientBridgeSme_01">
    <skipped/>
  </testcase> <!-- verifyInsufficiencyFulfillment -->
  <testcase name="verifyInsufficientCasesPresentOrNot" time="0.000" classname="com.iBridge.sme.testcases.TC_InsufficientBridgeSme_01">
    <skipped/>
  </testcase> <!-- verifyInsufficientCasesPresentOrNot -->
  <testcase name="verifyCostApprovalRequiredInsufficient" time="0.000" classname="com.iBridge.sme.testcases.TC_InsufficientBridgeSme_01">
    <skipped/>
  </testcase> <!-- verifyCostApprovalRequiredInsufficient -->
  <testcase name="verifycostApprovalRequiredInsuffCasePresentOrNot" time="0.000" classname="com.iBridge.sme.testcases.TC_InsufficientBridgeSme_01">
    <skipped/>
  </testcase> <!-- verifycostApprovalRequiredInsuffCasePresentOrNot -->
  <testcase name="verifyApprovalRequiredInsufficient" time="0.000" classname="com.iBridge.sme.testcases.TC_InsufficientBridgeSme_01">
    <skipped/>
  </testcase> <!-- verifyApprovalRequiredInsufficient -->
  <testcase name="verifycostApprovalRequiredRemovedOrNot" time="0.000" classname="com.iBridge.sme.testcases.TC_InsufficientBridgeSme_01">
    <skipped/>
  </testcase> <!-- verifycostApprovalRequiredRemovedOrNot -->
  <testcase name="verifyAdminUserReasonInsufficientBoth" time="0.000" classname="com.iBridge.sme.testcases.TC_InsufficientBridgeSme_01">
    <skipped/>
  </testcase> <!-- verifyAdminUserReasonInsufficientBoth -->
  <testcase name="verifyApprovalRequiredAndInsufficientBoth" time="0.000" classname="com.iBridge.sme.testcases.TC_InsufficientBridgeSme_01">
    <skipped/>
  </testcase> <!-- verifyApprovalRequiredAndInsufficientBoth -->
  <testcase name="verifyApprovalRequiredInsuffPresentOrNot" time="0.000" classname="com.iBridge.sme.testcases.TC_InsufficientBridgeSme_01">
    <skipped/>
  </testcase> <!-- verifyApprovalRequiredInsuffPresentOrNot -->
  <testcase name="verifyApprovalRequiredInsuffBothRemovedOrNot" time="0.000" classname="com.iBridge.sme.testcases.TC_InsufficientBridgeSme_01">
    <skipped/>
  </testcase> <!-- verifyApprovalRequiredInsuffBothRemovedOrNot -->
  <testcase name="verifyInsufficientBothCasesPresentOrNot" time="0.000" classname="com.iBridge.sme.testcases.TC_InsufficientBridgeSme_01">
    <skipped/>
  </testcase> <!-- verifyInsufficientBothCasesPresentOrNot -->
  <testcase name="verifyAdminUserInsuffRaisedCasesOnHold" time="0.000" classname="com.iBridge.sme.testcases.TC_InsufficientBridgeSme_01">
    <skipped/>
  </testcase> <!-- verifyAdminUserInsuffRaisedCasesOnHold -->
  <testcase name="verifyInsuffCasesOnHoldPresentOrNot" time="0.000" classname="com.iBridge.sme.testcases.TC_InsufficientBridgeSme_01">
    <skipped/>
  </testcase> <!-- verifyInsuffCasesOnHoldPresentOrNot -->
  <testcase name="verifyInsuffCasesOnHoldRemovedOrNot" time="0.000" classname="com.iBridge.sme.testcases.TC_InsufficientBridgeSme_01">
    <skipped/>
  </testcase> <!-- verifyInsuffCasesOnHoldRemovedOrNot -->
  <testcase name="verifywithdrawCaseStatusClosedByClient" time="0.000" classname="com.iBridge.sme.testcases.TC_InsufficientBridgeSme_01">
    <skipped/>
  </testcase> <!-- verifywithdrawCaseStatusClosedByClient -->
</testsuite> <!-- com.iBridge.sme.testcases.TC_InsufficientBridgeSme_01 -->
