<?xml version="1.0" encoding="UTF-8"?>
<!-- Generated by org.testng.reporters.JUnitReportReporter -->
<testsuite skipped="0" hostname="ARS-NBT-LAP-068" name="com.iBridge.testcases.TC_LoginTest_01" tests="1" failures="0" timestamp="15 Jul 2022 05:11:46 GMT" time="10.570" errors="0">
  <testcase name="loginTest" time="10.570" classname="com.iBridge.testcases.TC_LoginTest_01"/>
</testsuite> <!-- com.iBridge.testcases.TC_LoginTest_01 -->
