<?xml version="1.0" encoding="UTF-8"?>
<!-- Generated by org.testng.reporters.JUnitReportReporter -->
<testsuite skipped="0" hostname="ARS-NBT-LAP-068" name="com.iBridge.sme.testcases.TC_CaseCompletionSme_01" tests="7" failures="0" timestamp="21 Jul 2022 06:40:51 GMT" time="549.065" errors="0">
  <testcase name="checksSummaryClosedByClient" time="354.529" classname="com.iBridge.sme.testcases.TC_CaseCompletionSme_01"/>
  <testcase name="educationWCheckCloseVerification" time="73.273" classname="com.iBridge.sme.testcases.TC_CaseCompletionSme_01"/>
  <testcase name="verificationQualityAllocator" time="43.526" classname="com.iBridge.sme.testcases.TC_CaseCompletionSme_01"/>
  <testcase name="verificationQualityAllocatorForReport" time="0.004" classname="com.iBridge.sme.testcases.TC_CaseCompletionSme_01"/>
  <testcase name="verificationQualityReleasedForReport" time="0.004" classname="com.iBridge.sme.testcases.TC_CaseCompletionSme_01"/>
  <testcase name="verifyReportsManager" time="25.560" classname="com.iBridge.sme.testcases.TC_CaseCompletionSme_01"/>
  <testcase name="generateCaseReportPdf" time="52.169" classname="com.iBridge.sme.testcases.TC_CaseCompletionSme_01"/>
</testsuite> <!-- com.iBridge.sme.testcases.TC_CaseCompletionSme_01 -->
