<?xml version="1.0" encoding="UTF-8"?>
<!-- Generated by org.testng.reporters.JUnitReportReporter -->
<testsuite skipped="0" hostname="ARS-NBT-LAP-068" name="com.iBridge.sme.testcases.TC_InsufficientBridgeSme_01" tests="18" failures="0" timestamp="20 Jun 2022 06:49:39 GMT" time="344.987" errors="0">
  <testcase name="verifyInsufficientVerifier" time="46.400" classname="com.iBridge.sme.testcases.TC_InsufficientBridgeSme_01"/>
  <testcase name="verifyInsufficientAppearingOniBridge" time="10.938" classname="com.iBridge.sme.testcases.TC_InsufficientBridgeSme_01"/>
  <testcase name="verifyInsufficientpendingForFulfilment" time="15.997" classname="com.iBridge.sme.testcases.TC_InsufficientBridgeSme_01"/>
  <testcase name="verifyInsufficiencyFulfillment" time="32.702" classname="com.iBridge.sme.testcases.TC_InsufficientBridgeSme_01"/>
  <testcase name="verifyInsufficientCasesPresentOrNot" time="22.847" classname="com.iBridge.sme.testcases.TC_InsufficientBridgeSme_01"/>
  <testcase name="verifyCostApprovalRequiredInsufficient" time="32.110" classname="com.iBridge.sme.testcases.TC_InsufficientBridgeSme_01"/>
  <testcase name="verifycostApprovalRequiredInsuffCasePresentOrNot" time="10.004" classname="com.iBridge.sme.testcases.TC_InsufficientBridgeSme_01"/>
  <testcase name="verifyApprovalRequiredInsufficient" time="23.668" classname="com.iBridge.sme.testcases.TC_InsufficientBridgeSme_01"/>
  <testcase name="verifycostApprovalRequiredRemovedOrNot" time="10.059" classname="com.iBridge.sme.testcases.TC_InsufficientBridgeSme_01"/>
  <testcase name="verifyAdminUserReasonInsufficientBoth" time="31.785" classname="com.iBridge.sme.testcases.TC_InsufficientBridgeSme_01"/>
  <testcase name="verifyApprovalRequiredAndInsufficientBoth" time="25.728" classname="com.iBridge.sme.testcases.TC_InsufficientBridgeSme_01"/>
  <testcase name="verifyApprovalRequiredInsuffPresentOrNot" time="30.330" classname="com.iBridge.sme.testcases.TC_InsufficientBridgeSme_01"/>
  <testcase name="verifyApprovalRequiredInsuffBothRemovedOrNot" time="5.877" classname="com.iBridge.sme.testcases.TC_InsufficientBridgeSme_01"/>
  <testcase name="verifyInsufficientBothCasesPresentOrNot" time="5.451" classname="com.iBridge.sme.testcases.TC_InsufficientBridgeSme_01"/>
  <testcase name="verifyAdminUserInsuffRaisedCasesOnHold" time="22.560" classname="com.iBridge.sme.testcases.TC_InsufficientBridgeSme_01"/>
  <testcase name="verifyInsuffCasesOnHoldPresentOrNot" time="2.653" classname="com.iBridge.sme.testcases.TC_InsufficientBridgeSme_01"/>
  <testcase name="verifyInsuffCasesOnHoldRemovedOrNot" time="6.650" classname="com.iBridge.sme.testcases.TC_InsufficientBridgeSme_01"/>
  <testcase name="verifywithdrawCaseStatusClosedByClient" time="9.228" classname="com.iBridge.sme.testcases.TC_InsufficientBridgeSme_01"/>
</testsuite> <!-- com.iBridge.sme.testcases.TC_InsufficientBridgeSme_01 -->
