<?xml version="1.0" encoding="UTF-8"?>
<!-- Generated by org.testng.reporters.JUnitReportReporter -->
<testsuite skipped="0" hostname="ARS-NBT-LAP-068" name="com.iBridge.testcases.TC_PrepaidInitiateCaseIndividuallyExtended_01" tests="10" failures="0" timestamp="18 Jul 2022 07:06:07 GMT" time="154.021" errors="0">
  <testcase name="verifyEnpAdminLoginAccount" time="0.935" classname="com.iBridge.testcases.TC_PrepaidInitiateCaseIndividuallyExtended_01"/>
  <testcase name="verifyPendingCaseSubmissionVerification" time="4.104" classname="com.iBridge.testcases.TC_PrepaidInitiateCaseIndividuallyExtended_01"/>
  <testcase name="verifyInitiateNewCaseForIvc" time="36.582" classname="com.iBridge.testcases.TC_PrepaidInitiateCaseIndividuallyExtended_01"/>
  <testcase name="candidateEmailVerification" time="3.150" classname="com.iBridge.testcases.TC_PrepaidInitiateCaseIndividuallyExtended_01"/>
  <testcase name="verifyCandidateFullfillAllFormDetails" time="73.111" classname="com.iBridge.testcases.TC_PrepaidInitiateCaseIndividuallyExtended_01"/>
  <testcase name="verifyPrepaidAmountPayableValue" time="10.370" classname="com.iBridge.testcases.TC_PrepaidInitiateCaseIndividuallyExtended_01"/>
  <testcase name="verifyPrepaidPaymentPendingCases" time="6.724" classname="com.iBridge.testcases.TC_PrepaidInitiateCaseIndividuallyExtended_01"/>
  <testcase name="verifysubmittedForVerificationBucket" time="4.943" classname="com.iBridge.testcases.TC_PrepaidInitiateCaseIndividuallyExtended_01"/>
  <testcase name="submittedCasesTrackerWipCases" time="5.126" classname="com.iBridge.testcases.TC_PrepaidInitiateCaseIndividuallyExtended_01"/>
  <testcase name="searchClientArsNoCaseList" time="8.976" classname="com.iBridge.testcases.TC_PrepaidInitiateCaseIndividuallyExtended_01"/>
</testsuite> <!-- com.iBridge.testcases.TC_PrepaidInitiateCaseIndividuallyExtended_01 -->
