<?xml version="1.0" encoding="UTF-8"?>
<!-- Generated by org.testng.reporters.JUnitReportReporter -->
<testsuite skipped="4" hostname="ARS-NBT-LAP-068" name="com.iBridge.testcases.TC_InsufficientBridge_01" tests="17" failures="0" timestamp="07 Jul 2022 14:38:33 GMT" time="266.727" errors="1">
  <testcase name="verifyInsufficientVerifier" time="37.025" classname="com.iBridge.testcases.TC_InsufficientBridge_01"/>
  <testcase name="verifyInsufficientpendingForFulfilment" time="26.161" classname="com.iBridge.testcases.TC_InsufficientBridge_01"/>
  <testcase name="verifyInsufficiencyFulfillment" time="14.851" classname="com.iBridge.testcases.TC_InsufficientBridge_01"/>
  <testcase name="verifyInsufficientCasesPresentOrNot" time="10.172" classname="com.iBridge.testcases.TC_InsufficientBridge_01"/>
  <testcase name="verifyInsufficientVerifierPanCheck" time="24.994" classname="com.iBridge.testcases.TC_InsufficientBridge_01"/>
  <testcase name="verifyInsufficientpendingForPanNumberFulfilment" time="13.558" classname="com.iBridge.testcases.TC_InsufficientBridge_01"/>
  <testcase name="verifyInsufficiencyPartiallyApproveFulfillment" time="12.227" classname="com.iBridge.testcases.TC_InsufficientBridge_01"/>
  <testcase name="verifyInsufficientPartiallyApproveCasesPresentOrNot" time="9.886" classname="com.iBridge.testcases.TC_InsufficientBridge_01"/>
  <testcase name="verifyInsufficientVerifierIndianDatabaseCheck" time="20.026" classname="com.iBridge.testcases.TC_InsufficientBridge_01"/>
  <testcase name="verifyInsufficientpendingForIndianDatabaseFulfilment" time="10.988" classname="com.iBridge.testcases.TC_InsufficientBridge_01"/>
  <testcase name="verifyInsufficiencyRejectedFulfillment" time="13.987" classname="com.iBridge.testcases.TC_InsufficientBridge_01"/>
  <testcase name="verifyInsufficientRejectedCasesPresentOrNot" time="11.448" classname="com.iBridge.testcases.TC_InsufficientBridge_01"/>
  <testcase name="verifyRoutedToCandidate" time="61.404" classname="com.iBridge.testcases.TC_InsufficientBridge_01">
    <error type="org.openqa.selenium.NoSuchElementException" message="no such element: Unable to locate element: {&quot;method&quot;:&quot;xpath&quot;,&quot;selector&quot;:&quot;/html[1]/body[1]/div[4]/div[1]/div[1]/div[1]/div[2]/div[2]/div[2]/div[1]/div[2]/div[1]/div[1]/div[1]/div[1]/div[1]/div[1]/div[3]/form[1]/div[1]/h4[1]/div[1]/label[1]/input[1]&quot;}
  (Session info: headless chrome=101.0.4951.54)
For documentation on this error, please visit: http://seleniumhq.org/exceptions/no_such_element.html
Build info: version: &#039;3.14.0&#039;, revision: &#039;aacccce0&#039;, time: &#039;2018-08-02T20:19:58.91Z&#039;
System info: host: &#039;ARS-NBT-LAP-068&#039;, ip: &#039;192.168.121.30&#039;, os.name: &#039;Linux&#039;, os.arch: &#039;amd64&#039;, os.version: &#039;5.13.0-51-generic&#039;, java.version: &#039;1.8.0_312&#039;
Driver info: org.openqa.selenium.chrome.ChromeDriver
Capabilities {acceptInsecureCerts: false, browserName: chrome, browserVersion: 101.0.4951.54, chrome: {chromedriverVersion: 101.0.4951.41 (93c720db8323..., userDataDir: /tmp/.com.google.Chrome.wfKPGx}, goog:chromeOptions: {debuggerAddress: localhost:42427}, javascriptEnabled: true, networkConnectionEnabled: false, pageLoadStrategy: normal, platform: LINUX, platformName: LINUX, proxy: Proxy(), setWindowRect: true, strictFileInteractability: false, timeouts: {implicit: 0, pageLoad: 300000, script: 30000}, unhandledPromptBehavior: dismiss and notify, webauthn:extension:credBlob: true, webauthn:extension:largeBlob: true, webauthn:virtualAuthenticators: true}
Session ID: 21736d3bce7a173c253ee5d922ea6cd6
*** Element info: {Using=xpath, value=/html[1]/body[1]/div[4]/div[1]/div[1]/div[1]/div[2]/div[2]/div[2]/div[1]/div[2]/div[1]/div[1]/div[1]/div[1]/div[1]/div[1]/div[3]/form[1]/div[1]/h4[1]/div[1]/label[1]/input[1]}">
      <![CDATA[org.openqa.selenium.NoSuchElementException: no such element: Unable to locate element: {"method":"xpath","selector":"/html[1]/body[1]/div[4]/div[1]/div[1]/div[1]/div[2]/div[2]/div[2]/div[1]/div[2]/div[1]/div[1]/div[1]/div[1]/div[1]/div[1]/div[3]/form[1]/div[1]/h4[1]/div[1]/label[1]/input[1]"}
  (Session info: headless chrome=101.0.4951.54)
For documentation on this error, please visit: http://seleniumhq.org/exceptions/no_such_element.html
Build info: version: '3.14.0', revision: 'aacccce0', time: '2018-08-02T20:19:58.91Z'
System info: host: 'ARS-NBT-LAP-068', ip: '192.168.121.30', os.name: 'Linux', os.arch: 'amd64', os.version: '5.13.0-51-generic', java.version: '1.8.0_312'
Driver info: org.openqa.selenium.chrome.ChromeDriver
Capabilities {acceptInsecureCerts: false, browserName: chrome, browserVersion: 101.0.4951.54, chrome: {chromedriverVersion: 101.0.4951.41 (93c720db8323..., userDataDir: /tmp/.com.google.Chrome.wfKPGx}, goog:chromeOptions: {debuggerAddress: localhost:42427}, javascriptEnabled: true, networkConnectionEnabled: false, pageLoadStrategy: normal, platform: LINUX, platformName: LINUX, proxy: Proxy(), setWindowRect: true, strictFileInteractability: false, timeouts: {implicit: 0, pageLoad: 300000, script: 30000}, unhandledPromptBehavior: dismiss and notify, webauthn:extension:credBlob: true, webauthn:extension:largeBlob: true, webauthn:virtualAuthenticators: true}
Session ID: 21736d3bce7a173c253ee5d922ea6cd6
*** Element info: {Using=xpath, value=/html[1]/body[1]/div[4]/div[1]/div[1]/div[1]/div[2]/div[2]/div[2]/div[1]/div[2]/div[1]/div[1]/div[1]/div[1]/div[1]/div[1]/div[3]/form[1]/div[1]/h4[1]/div[1]/label[1]/input[1]}
at sun.reflect.NativeConstructorAccessorImpl.newInstance0(Native Method)
at sun.reflect.NativeConstructorAccessorImpl.newInstance(NativeConstructorAccessorImpl.java:62)
at sun.reflect.DelegatingConstructorAccessorImpl.newInstance(DelegatingConstructorAccessorImpl.java:45)
at java.lang.reflect.Constructor.newInstance(Constructor.java:423)
at org.openqa.selenium.remote.http.W3CHttpResponseCodec.createException(W3CHttpResponseCodec.java:187)
at org.openqa.selenium.remote.http.W3CHttpResponseCodec.decode(W3CHttpResponseCodec.java:122)
at org.openqa.selenium.remote.http.W3CHttpResponseCodec.decode(W3CHttpResponseCodec.java:49)
at org.openqa.selenium.remote.HttpCommandExecutor.execute(HttpCommandExecutor.java:158)
at org.openqa.selenium.remote.service.DriverCommandExecutor.execute(DriverCommandExecutor.java:83)
at org.openqa.selenium.remote.RemoteWebDriver.execute(RemoteWebDriver.java:548)
at org.openqa.selenium.remote.RemoteWebDriver.findElement(RemoteWebDriver.java:322)
at org.openqa.selenium.remote.RemoteWebDriver.findElementByXPath(RemoteWebDriver.java:424)
at org.openqa.selenium.By$ByXPath.findElement(By.java:353)
at org.openqa.selenium.remote.RemoteWebDriver.findElement(RemoteWebDriver.java:314)
at org.openqa.selenium.support.pagefactory.DefaultElementLocator.findElement(DefaultElementLocator.java:69)
at org.openqa.selenium.support.pagefactory.internal.LocatingElementHandler.invoke(LocatingElementHandler.java:38)
at com.sun.proxy.$Proxy8.getWrappedElement(Unknown Source)
at org.openqa.selenium.remote.internal.WebElementToJsonConverter.apply(WebElementToJsonConverter.java:50)
at java.util.stream.ReferencePipeline$3$1.accept(ReferencePipeline.java:193)
at java.util.Spliterators$ArraySpliterator.forEachRemaining(Spliterators.java:948)
at java.util.stream.AbstractPipeline.copyInto(AbstractPipeline.java:482)
at java.util.stream.AbstractPipeline.wrapAndCopyInto(AbstractPipeline.java:472)
at java.util.stream.ReduceOps$ReduceOp.evaluateSequential(ReduceOps.java:708)
at java.util.stream.AbstractPipeline.evaluate(AbstractPipeline.java:234)
at java.util.stream.ReferencePipeline.collect(ReferencePipeline.java:566)
at org.openqa.selenium.remote.RemoteWebDriver.executeScript(RemoteWebDriver.java:480)
at com.iBridge.pageobject.InsufficientiBridge.checkRoutedToCandidate(InsufficientiBridge.java:577)
at com.iBridge.testcases.TC_InsufficientBridge_01.verifyRoutedToCandidate(TC_InsufficientBridge_01.java:299)
at sun.reflect.NativeMethodAccessorImpl.invoke0(Native Method)
at sun.reflect.NativeMethodAccessorImpl.invoke(NativeMethodAccessorImpl.java:62)
at sun.reflect.DelegatingMethodAccessorImpl.invoke(DelegatingMethodAccessorImpl.java:43)
at java.lang.reflect.Method.invoke(Method.java:498)
at org.testng.internal.MethodInvocationHelper.invokeMethod(MethodInvocationHelper.java:124)
at org.testng.internal.Invoker.invokeMethod(Invoker.java:583)
at org.testng.internal.Invoker.invokeTestMethod(Invoker.java:719)
at org.testng.internal.Invoker.invokeTestMethods(Invoker.java:989)
at org.testng.internal.TestMethodWorker.invokeTestMethods(TestMethodWorker.java:125)
at org.testng.internal.TestMethodWorker.run(TestMethodWorker.java:109)
at org.testng.TestRunner.privateRun(TestRunner.java:648)
at org.testng.TestRunner.run(TestRunner.java:505)
at org.testng.SuiteRunner.runTest(SuiteRunner.java:455)
at org.testng.SuiteRunner.runSequentially(SuiteRunner.java:450)
at org.testng.SuiteRunner.privateRun(SuiteRunner.java:415)
at org.testng.SuiteRunner.run(SuiteRunner.java:364)
at org.testng.SuiteRunnerWorker.runSuite(SuiteRunnerWorker.java:52)
at org.testng.SuiteRunnerWorker.run(SuiteRunnerWorker.java:84)
at org.testng.TestNG.runSuitesSequentially(TestNG.java:1208)
at org.testng.TestNG.runSuitesLocally(TestNG.java:1137)
at org.testng.TestNG.runSuites(TestNG.java:1049)
at org.testng.TestNG.run(TestNG.java:1017)
at org.apache.maven.surefire.testng.TestNGExecutor.run(TestNGExecutor.java:295)
at org.apache.maven.surefire.testng.TestNGXmlTestSuite.execute(TestNGXmlTestSuite.java:84)
at org.apache.maven.surefire.testng.TestNGProvider.invoke(TestNGProvider.java:90)
at org.apache.maven.surefire.booter.ForkedBooter.invokeProviderInSameClassLoader(ForkedBooter.java:203)
at org.apache.maven.surefire.booter.ForkedBooter.runSuitesInProcess(ForkedBooter.java:155)
at org.apache.maven.surefire.booter.ForkedBooter.main(ForkedBooter.java:103)
]]>
    </error>
  </testcase> <!-- verifyRoutedToCandidate -->
  <testcase name="verifyGetRouteToCandidateUserNameAndPassword" time="0.000" classname="com.iBridge.testcases.TC_InsufficientBridge_01">
    <skipped/>
  </testcase> <!-- verifyGetRouteToCandidateUserNameAndPassword -->
  <testcase name="verifyRouteToCandidateDetails" time="0.000" classname="com.iBridge.testcases.TC_InsufficientBridge_01">
    <skipped/>
  </testcase> <!-- verifyRouteToCandidateDetails -->
  <testcase name="verifyRouteToCandidatefullfilInsuffBucket" time="0.000" classname="com.iBridge.testcases.TC_InsufficientBridge_01">
    <skipped/>
  </testcase> <!-- verifyRouteToCandidatefullfilInsuffBucket -->
  <testcase name="verifyClientAcknowledgeMail" time="0.000" classname="com.iBridge.testcases.TC_InsufficientBridge_01">
    <skipped/>
  </testcase> <!-- verifyClientAcknowledgeMail -->
</testsuite> <!-- com.iBridge.testcases.TC_InsufficientBridge_01 -->
