<?xml version="1.0" encoding="UTF-8"?>
<!-- Generated by org.testng.reporters.JUnitReportReporter -->
<testsuite skipped="0" hostname="ARS-NBT-LAP-068" name="com.signdrive.testcases.SignDrive_RejectedOfferLetter_Test" tests="4" failures="0" timestamp="01 Jun 2022 11:44:10 GMT" time="259.556" errors="0">
  <testcase name="signDriveLogin" time="7.523" classname="com.signdrive.testcases.SignDrive_RejectedOfferLetter_Test"/>
  <testcase name="initiateViaCandidate" time="57.060" classname="com.signdrive.testcases.SignDrive_RejectedOfferLetter_Test"/>
  <testcase name="uploadCtcFile" time="43.655" classname="com.signdrive.testcases.SignDrive_RejectedOfferLetter_Test"/>
  <testcase name="candidateReceiveLink" time="151.318" classname="com.signdrive.testcases.SignDrive_RejectedOfferLetter_Test"/>
</testsuite> <!-- com.signdrive.testcases.SignDrive_RejectedOfferLetter_Test -->
