<?xml version="1.0" encoding="UTF-8"?>
<!-- Generated by org.testng.reporters.JUnitReportReporter -->
<testsuite skipped="0" hostname="ARS-NBT-LAP-068" name="com.iBridge.testcases.TC_SubmitCasesInBulkExtended_04" tests="12" failures="0" timestamp="07 Jul 2022 15:04:30 GMT" time="189.387" errors="0">
  <testcase name="submitCasesInBulkExtended" time="12.227" classname="com.iBridge.testcases.TC_SubmitCasesInBulkExtended_04"/>
  <testcase name="submitCaseInBulkExcelUpload" time="47.497" classname="com.iBridge.testcases.TC_SubmitCasesInBulkExtended_04"/>
  <testcase name="submittedForVerificationExcelUpload" time="6.697" classname="com.iBridge.testcases.TC_SubmitCasesInBulkExtended_04"/>
  <testcase name="submittedCasesTrackerExcelUploadWipCases" time="6.098" classname="com.iBridge.testcases.TC_SubmitCasesInBulkExtended_04"/>
  <testcase name="searchExcelUploadClientArsNo" time="16.723" classname="com.iBridge.testcases.TC_SubmitCasesInBulkExtended_04"/>
  <testcase name="submitCasesInBulkQuickSubmit" time="30.147" classname="com.iBridge.testcases.TC_SubmitCasesInBulkExtended_04"/>
  <testcase name="submittedForVerificationQuickSubmit" time="22.723" classname="com.iBridge.testcases.TC_SubmitCasesInBulkExtended_04"/>
  <testcase name="submittedCasesTrackerQuickSubmitWipCases" time="5.834" classname="com.iBridge.testcases.TC_SubmitCasesInBulkExtended_04"/>
  <testcase name="searchClientArsNoCaseQuickSubmit" time="2.968" classname="com.iBridge.testcases.TC_SubmitCasesInBulkExtended_04"/>
  <testcase name="loginBridgeAccountGetFolderCasesCount" time="10.565" classname="com.iBridge.testcases.TC_SubmitCasesInBulkExtended_04"/>
  <testcase name="submitCaseInFolderSubmit" time="17.577" classname="com.iBridge.testcases.TC_SubmitCasesInBulkExtended_04"/>
  <testcase name="verifyFolderCasesCountInBridge" time="10.331" classname="com.iBridge.testcases.TC_SubmitCasesInBulkExtended_04"/>
</testsuite> <!-- com.iBridge.testcases.TC_SubmitCasesInBulkExtended_04 -->
