<?xml version="1.0" encoding="UTF-8"?>
<!-- Generated by org.testng.reporters.JUnitReportReporter -->
<testsuite skipped="6" hostname="ARS-NBT-LAP-068" name="com.signdrive.testcases.SignDrive_Rejected_EPFO_Test" tests="10" failures="0" timestamp="06 Jun 2022 11:20:53 GMT" time="134.937" errors="1">
  <testcase name="signDriveLogin" time="7.772" classname="com.signdrive.testcases.SignDrive_Rejected_EPFO_Test"/>
  <testcase name="initiateViaCandidate" time="57.402" classname="com.signdrive.testcases.SignDrive_Rejected_EPFO_Test"/>
  <testcase name="uploadCTCFile" time="22.862" classname="com.signdrive.testcases.SignDrive_Rejected_EPFO_Test"/>
  <testcase name="emailVerification" time="46.901" classname="com.signdrive.testcases.SignDrive_Rejected_EPFO_Test">
    <error type="org.openqa.selenium.ElementClickInterceptedException" message="element click intercepted: Element &lt;input type=&quot;checkbox&quot; ng-model=&quot;isConsentGiven&quot; ng-disabled=&quot;!((data.currentWorkflowState === &#039;SIGN&#039; || data.currentWorkflowState === &#039;INPERSONSIGN&#039;) &amp;amp;&amp;amp;
            !selectedDoc.isSigned &amp;amp;&amp;amp; !isSigningStarted &amp;amp;&amp;amp;
            !isDirectSign)&quot; automation-id=&quot;inboxConsentCheckbox&quot; class=&quot;ng-pristine ng-untouched ng-valid&quot;&gt; is not clickable at point (31, 76). Other element would receive the click: &lt;div class=&quot;msb-loader-container &quot; automation-id=&quot;msbLoader&quot; ng-show=&quot;msbLoader &amp;amp;&amp;amp; !svgLoader&quot;&gt;&lt;/div&gt;
  (Session info: chrome=101.0.4951.54)
Build info: version: &#039;3.14.0&#039;, revision: &#039;aacccce0&#039;, time: &#039;2018-08-02T20:19:58.91Z&#039;
System info: host: &#039;ARS-NBT-LAP-068&#039;, ip: &#039;192.168.80.30&#039;, os.name: &#039;Linux&#039;, os.arch: &#039;amd64&#039;, os.version: &#039;5.13.0-44-generic&#039;, java.version: &#039;1.8.0_312&#039;
Driver info: org.openqa.selenium.chrome.ChromeDriver
Capabilities {acceptInsecureCerts: false, browserName: chrome, browserVersion: 101.0.4951.54, chrome: {chromedriverVersion: 101.0.4951.41 (93c720db8323..., userDataDir: /tmp/.com.google.Chrome.1CcmFi}, goog:chromeOptions: {debuggerAddress: localhost:34607}, javascriptEnabled: true, networkConnectionEnabled: false, pageLoadStrategy: normal, platform: LINUX, platformName: LINUX, proxy: Proxy(), setWindowRect: true, strictFileInteractability: false, timeouts: {implicit: 0, pageLoad: 300000, script: 30000}, unhandledPromptBehavior: dismiss and notify, webauthn:extension:credBlob: true, webauthn:extension:largeBlob: true, webauthn:virtualAuthenticators: true}
Session ID: d5583ab00575b08566d02afc49affad6">
      <![CDATA[org.openqa.selenium.ElementClickInterceptedException: element click intercepted: Element <input type="checkbox" ng-model="isConsentGiven" ng-disabled="!((data.currentWorkflowState === 'SIGN' || data.currentWorkflowState === 'INPERSONSIGN') &amp;&amp;
            !selectedDoc.isSigned &amp;&amp; !isSigningStarted &amp;&amp;
            !isDirectSign)" automation-id="inboxConsentCheckbox" class="ng-pristine ng-untouched ng-valid"> is not clickable at point (31, 76). Other element would receive the click: <div class="msb-loader-container " automation-id="msbLoader" ng-show="msbLoader &amp;&amp; !svgLoader"></div>
  (Session info: chrome=101.0.4951.54)
Build info: version: '3.14.0', revision: 'aacccce0', time: '2018-08-02T20:19:58.91Z'
System info: host: 'ARS-NBT-LAP-068', ip: '192.168.80.30', os.name: 'Linux', os.arch: 'amd64', os.version: '5.13.0-44-generic', java.version: '1.8.0_312'
Driver info: org.openqa.selenium.chrome.ChromeDriver
Capabilities {acceptInsecureCerts: false, browserName: chrome, browserVersion: 101.0.4951.54, chrome: {chromedriverVersion: 101.0.4951.41 (93c720db8323..., userDataDir: /tmp/.com.google.Chrome.1CcmFi}, goog:chromeOptions: {debuggerAddress: localhost:34607}, javascriptEnabled: true, networkConnectionEnabled: false, pageLoadStrategy: normal, platform: LINUX, platformName: LINUX, proxy: Proxy(), setWindowRect: true, strictFileInteractability: false, timeouts: {implicit: 0, pageLoad: 300000, script: 30000}, unhandledPromptBehavior: dismiss and notify, webauthn:extension:credBlob: true, webauthn:extension:largeBlob: true, webauthn:virtualAuthenticators: true}
Session ID: d5583ab00575b08566d02afc49affad6
at sun.reflect.NativeConstructorAccessorImpl.newInstance0(Native Method)
at sun.reflect.NativeConstructorAccessorImpl.newInstance(NativeConstructorAccessorImpl.java:62)
at sun.reflect.DelegatingConstructorAccessorImpl.newInstance(DelegatingConstructorAccessorImpl.java:45)
at java.lang.reflect.Constructor.newInstance(Constructor.java:423)
at org.openqa.selenium.remote.http.W3CHttpResponseCodec.createException(W3CHttpResponseCodec.java:187)
at org.openqa.selenium.remote.http.W3CHttpResponseCodec.decode(W3CHttpResponseCodec.java:122)
at org.openqa.selenium.remote.http.W3CHttpResponseCodec.decode(W3CHttpResponseCodec.java:49)
at org.openqa.selenium.remote.HttpCommandExecutor.execute(HttpCommandExecutor.java:158)
at org.openqa.selenium.remote.service.DriverCommandExecutor.execute(DriverCommandExecutor.java:83)
at org.openqa.selenium.remote.RemoteWebDriver.execute(RemoteWebDriver.java:548)
at org.openqa.selenium.remote.RemoteWebElement.execute(RemoteWebElement.java:276)
at org.openqa.selenium.remote.RemoteWebElement.click(RemoteWebElement.java:83)
at sun.reflect.GeneratedMethodAccessor2.invoke(Unknown Source)
at sun.reflect.DelegatingMethodAccessorImpl.invoke(DelegatingMethodAccessorImpl.java:43)
at java.lang.reflect.Method.invoke(Method.java:498)
at org.openqa.selenium.support.pagefactory.internal.LocatingElementHandler.invoke(LocatingElementHandler.java:51)
at com.sun.proxy.$Proxy8.click(Unknown Source)
at com.signdrive.pageobject.Email_Verification_page.offerLetterSignedByCandidate(Email_Verification_page.java:191)
at com.signdrive.testcases.SignDrive_Rejected_EPFO_Test.emailVerification(SignDrive_Rejected_EPFO_Test.java:108)
at sun.reflect.NativeMethodAccessorImpl.invoke0(Native Method)
at sun.reflect.NativeMethodAccessorImpl.invoke(NativeMethodAccessorImpl.java:62)
at sun.reflect.DelegatingMethodAccessorImpl.invoke(DelegatingMethodAccessorImpl.java:43)
at java.lang.reflect.Method.invoke(Method.java:498)
at org.testng.internal.MethodInvocationHelper.invokeMethod(MethodInvocationHelper.java:124)
at org.testng.internal.Invoker.invokeMethod(Invoker.java:583)
at org.testng.internal.Invoker.invokeTestMethod(Invoker.java:719)
at org.testng.internal.Invoker.invokeTestMethods(Invoker.java:989)
at org.testng.internal.TestMethodWorker.invokeTestMethods(TestMethodWorker.java:125)
at org.testng.internal.TestMethodWorker.run(TestMethodWorker.java:109)
at org.testng.TestRunner.privateRun(TestRunner.java:648)
at org.testng.TestRunner.run(TestRunner.java:505)
at org.testng.SuiteRunner.runTest(SuiteRunner.java:455)
at org.testng.SuiteRunner.runSequentially(SuiteRunner.java:450)
at org.testng.SuiteRunner.privateRun(SuiteRunner.java:415)
at org.testng.SuiteRunner.run(SuiteRunner.java:364)
at org.testng.SuiteRunnerWorker.runSuite(SuiteRunnerWorker.java:52)
at org.testng.SuiteRunnerWorker.run(SuiteRunnerWorker.java:84)
at org.testng.TestNG.runSuitesSequentially(TestNG.java:1208)
at org.testng.TestNG.runSuitesLocally(TestNG.java:1137)
at org.testng.TestNG.runSuites(TestNG.java:1049)
at org.testng.TestNG.run(TestNG.java:1017)
at org.apache.maven.surefire.testng.TestNGExecutor.run(TestNGExecutor.java:295)
at org.apache.maven.surefire.testng.TestNGXmlTestSuite.execute(TestNGXmlTestSuite.java:84)
at org.apache.maven.surefire.testng.TestNGProvider.invoke(TestNGProvider.java:90)
at org.apache.maven.surefire.booter.ForkedBooter.invokeProviderInSameClassLoader(ForkedBooter.java:203)
at org.apache.maven.surefire.booter.ForkedBooter.runSuitesInProcess(ForkedBooter.java:155)
at org.apache.maven.surefire.booter.ForkedBooter.main(ForkedBooter.java:103)
]]>
    </error>
  </testcase> <!-- emailVerification -->
  <testcase name="verifyOLAcceptedByCandidate" time="0.000" classname="com.signdrive.testcases.SignDrive_Rejected_EPFO_Test">
    <skipped/>
  </testcase> <!-- verifyOLAcceptedByCandidate -->
  <testcase name="bgvLogin" time="0.000" classname="com.signdrive.testcases.SignDrive_Rejected_EPFO_Test">
    <skipped/>
  </testcase> <!-- bgvLogin -->
  <testcase name="fillAndSumitForm" time="0.000" classname="com.signdrive.testcases.SignDrive_Rejected_EPFO_Test">
    <skipped/>
  </testcase> <!-- fillAndSumitForm -->
  <testcase name="pendingSignOffBucket" time="0.000" classname="com.signdrive.testcases.SignDrive_Rejected_EPFO_Test">
    <skipped/>
  </testcase> <!-- pendingSignOffBucket -->
  <testcase name="verifyInstaform" time="0.000" classname="com.signdrive.testcases.SignDrive_Rejected_EPFO_Test">
    <skipped/>
  </testcase> <!-- verifyInstaform -->
  <testcase name="instaform" time="0.000" classname="com.signdrive.testcases.SignDrive_Rejected_EPFO_Test">
    <skipped/>
  </testcase> <!-- instaform -->
</testsuite> <!-- com.signdrive.testcases.SignDrive_Rejected_EPFO_Test -->
