<?xml version="1.0" encoding="UTF-8"?>
<!-- Generated by org.testng.reporters.JUnitReportReporter -->
<testsuite skipped="0" hostname="ARS-NBT-LAP-068" name="com.iBridge.testcases.TC_PrepaidEnpAdmin_01" tests="4" failures="0" timestamp="15 Jul 2022 12:00:28 GMT" time="72.783" errors="0">
  <testcase name="verifyEnpAdminLoginAccount" time="5.704" classname="com.iBridge.testcases.TC_PrepaidEnpAdmin_01"/>
  <testcase name="verifyEnpAdminPrepaidConfigurationTagCheck" time="16.230" classname="com.iBridge.testcases.TC_PrepaidEnpAdmin_01"/>
  <testcase name="verifyUserPrepaidConfigurationTagCheck" time="27.003" classname="com.iBridge.testcases.TC_PrepaidEnpAdmin_01"/>
  <testcase name="verifyEnpAdminPrepaidClientConfiguration" time="23.846" classname="com.iBridge.testcases.TC_PrepaidEnpAdmin_01"/>
</testsuite> <!-- com.iBridge.testcases.TC_PrepaidEnpAdmin_01 -->
