<?xml version="1.0" encoding="UTF-8"?>
<!-- Generated by org.testng.reporters.JUnitReportReporter -->
<testsuite skipped="0" hostname="ARS-NBT-LAP-068" name="com.iBridge.sme.testcases.TC_WithdrawSmeCase_01" tests="4" failures="0" timestamp="23 Jun 2022 11:37:24 GMT" time="285.155" errors="0">
  <testcase name="verifyFormNotSubmittedCaseWithdraw" time="38.267" classname="com.iBridge.sme.testcases.TC_WithdrawSmeCase_01"/>
  <testcase name="verifyCandidateNameInWithdrawnBucket" time="2.993" classname="com.iBridge.sme.testcases.TC_WithdrawSmeCase_01"/>
  <testcase name="verifyInitiateViaCandidateCaseWithdraw" time="241.782" classname="com.iBridge.sme.testcases.TC_WithdrawSmeCase_01"/>
  <testcase name="verifyclosedByClientBucket" time="2.113" classname="com.iBridge.sme.testcases.TC_WithdrawSmeCase_01"/>
</testsuite> <!-- com.iBridge.sme.testcases.TC_WithdrawSmeCase_01 -->
