<?xml version="1.0" encoding="UTF-8"?>
<!-- Generated by org.testng.reporters.JUnitReportReporter -->
<testsuite skipped="0" hostname="ARS-NBT-LAP-068" name="com.iBridge.sme.testcases.TC_InitiateViaCandidateSmeExtended_02" tests="15" failures="0" timestamp="27 Jun 2022 12:30:30 GMT" time="414.189" errors="0">
  <testcase name="initiateViaCandidateCaseSme" time="32.502" classname="com.iBridge.sme.testcases.TC_InitiateViaCandidateSmeExtended_02"/>
  <testcase name="verifyFormNotSubmittedCaseList" time="2.475" classname="com.iBridge.sme.testcases.TC_InitiateViaCandidateSmeExtended_02"/>
  <testcase name="candidateSmeEmailVerification" time="3.985" classname="com.iBridge.sme.testcases.TC_InitiateViaCandidateSmeExtended_02"/>
  <testcase name="candidateSmeAccountLogin" time="69.996" classname="com.iBridge.sme.testcases.TC_InitiateViaCandidateSmeExtended_02"/>
  <testcase name="candidateProfileDetailsFilling" time="53.625" classname="com.iBridge.sme.testcases.TC_InitiateViaCandidateSmeExtended_02"/>
  <testcase name="verifyAuthorizationRelease" time="10.925" classname="com.iBridge.sme.testcases.TC_InitiateViaCandidateSmeExtended_02"/>
  <testcase name="verifyInitiateViaCandidateCasePaymentPending" time="28.813" classname="com.iBridge.sme.testcases.TC_InitiateViaCandidateSmeExtended_02"/>
  <testcase name="verifyFormSubmittedBucket" time="2.546" classname="com.iBridge.sme.testcases.TC_InitiateViaCandidateSmeExtended_02"/>
  <testcase name="verifyPaymentPendingBucket" time="8.327" classname="com.iBridge.sme.testcases.TC_InitiateViaCandidateSmeExtended_02"/>
  <testcase name="verifyWorkInProgressBucket" time="2.448" classname="com.iBridge.sme.testcases.TC_InitiateViaCandidateSmeExtended_02"/>
  <testcase name="verifyCaseAppearingInTotalCaseSentList" time="2.723" classname="com.iBridge.sme.testcases.TC_InitiateViaCandidateSmeExtended_02"/>
  <testcase name="searchClientArsNoCaseList" time="16.017" classname="com.iBridge.sme.testcases.TC_InitiateViaCandidateSmeExtended_02"/>
  <testcase name="verifyInsufficientDocsQcAllocator" time="48.494" classname="com.iBridge.sme.testcases.TC_InitiateViaCandidateSmeExtended_02"/>
  <testcase name="verifyInsufficientDocsQuality" time="118.689" classname="com.iBridge.sme.testcases.TC_InitiateViaCandidateSmeExtended_02"/>
  <testcase name="verifyInsufficientAllocator" time="12.624" classname="com.iBridge.sme.testcases.TC_InitiateViaCandidateSmeExtended_02"/>
</testsuite> <!-- com.iBridge.sme.testcases.TC_InitiateViaCandidateSmeExtended_02 -->
