<?xml version="1.0" encoding="UTF-8"?>
<!-- Generated by org.testng.reporters.JUnitReportReporter -->
<testsuite skipped="0" hostname="ARS-NBT-LAP-068" name="com.iBridge.sme.testcases.TC_WithdrawSmeCase_01" tests="4" failures="0" timestamp="20 Jul 2022 08:43:13 GMT" time="214.098" errors="0">
  <testcase name="verifyFormNotSubmittedCaseWithdraw" time="29.515" classname="com.iBridge.sme.testcases.TC_WithdrawSmeCase_01"/>
  <testcase name="verifyCandidateNameInWithdrawnBucket" time="2.533" classname="com.iBridge.sme.testcases.TC_WithdrawSmeCase_01"/>
  <testcase name="verifyInitiateViaCandidateCaseWithdraw" time="179.851" classname="com.iBridge.sme.testcases.TC_WithdrawSmeCase_01"/>
  <testcase name="verifyclosedByClientBucket" time="2.199" classname="com.iBridge.sme.testcases.TC_WithdrawSmeCase_01"/>
</testsuite> <!-- com.iBridge.sme.testcases.TC_WithdrawSmeCase_01 -->
