<?xml version="1.0" encoding="UTF-8"?>
<!-- Generated by org.testng.reporters.JUnitReportReporter -->
<testsuite skipped="0" hostname="ARS-NBT-LAP-068" name="com.iBridge.testcases.TC_PrepaidEnpAdmin_01" tests="4" failures="0" timestamp="18 Jul 2022 06:50:21 GMT" time="65.442" errors="0">
  <testcase name="verifyEnpAdminLoginAccount" time="3.687" classname="com.iBridge.testcases.TC_PrepaidEnpAdmin_01"/>
  <testcase name="verifyEnpAdminPrepaidConfigurationTagCheck" time="15.964" classname="com.iBridge.testcases.TC_PrepaidEnpAdmin_01"/>
  <testcase name="verifyUserPrepaidConfigurationTagCheck" time="25.024" classname="com.iBridge.testcases.TC_PrepaidEnpAdmin_01"/>
  <testcase name="verifyEnpAdminPrepaidClientConfiguration" time="20.767" classname="com.iBridge.testcases.TC_PrepaidEnpAdmin_01"/>
</testsuite> <!-- com.iBridge.testcases.TC_PrepaidEnpAdmin_01 -->
