<?xml version="1.0" encoding="UTF-8"?>
<!-- Generated by org.testng.reporters.JUnitReportReporter -->
<testsuite skipped="0" hostname="ARS-NBT-LAP-068" name="com.signdrive.testcases.TC_SignDriveLoginTest" tests="1" failures="0" timestamp="24 May 2022 12:06:04 GMT" time="5.133" errors="0">
  <testcase name="SignDrivelogintest" time="5.133" classname="com.signdrive.testcases.TC_SignDriveLoginTest"/>
</testsuite> <!-- com.signdrive.testcases.TC_SignDriveLoginTest -->
