<?xml version="1.0" encoding="UTF-8"?>
<!-- Generated by org.testng.reporters.JUnitReportReporter -->
<testsuite skipped="10" hostname="ARS-NBT-LAP-068" name="com.iBridge.sme.testcases.TC_InitiateViaCandidateSmeExtended_02" tests="15" failures="0" timestamp="14 Jun 2022 08:15:12 GMT" time="159.642" errors="1">
  <testcase name="initiateViaCandidateCaseSme" time="42.983" classname="com.iBridge.sme.testcases.TC_InitiateViaCandidateSmeExtended_02"/>
  <testcase name="verifyFormNotSubmittedCaseList" time="2.953" classname="com.iBridge.sme.testcases.TC_InitiateViaCandidateSmeExtended_02"/>
  <testcase name="candidateSmeEmailVerification" time="5.429" classname="com.iBridge.sme.testcases.TC_InitiateViaCandidateSmeExtended_02"/>
  <testcase name="candidateSmeAccountLogin" time="70.769" classname="com.iBridge.sme.testcases.TC_InitiateViaCandidateSmeExtended_02"/>
  <testcase name="candidateProfileDetailsFilling" time="37.508" classname="com.iBridge.sme.testcases.TC_InitiateViaCandidateSmeExtended_02">
    <error type="java.lang.NullPointerException">
      <![CDATA[java.lang.NullPointerException
at org.openqa.selenium.remote.internal.WebElementToJsonConverter.apply(WebElementToJsonConverter.java:59)
at java.util.stream.ReferencePipeline$3$1.accept(ReferencePipeline.java:193)
at java.util.Spliterators$ArraySpliterator.forEachRemaining(Spliterators.java:948)
at java.util.stream.AbstractPipeline.copyInto(AbstractPipeline.java:482)
at java.util.stream.AbstractPipeline.wrapAndCopyInto(AbstractPipeline.java:472)
at java.util.stream.ReduceOps$ReduceOp.evaluateSequential(ReduceOps.java:708)
at java.util.stream.AbstractPipeline.evaluate(AbstractPipeline.java:234)
at java.util.stream.ReferencePipeline.collect(ReferencePipeline.java:566)
at org.openqa.selenium.remote.RemoteWebDriver.executeScript(RemoteWebDriver.java:480)
at com.iBridge.sme.pageobject.CandidateSubmitProfileSme.currentCandidateEmploymentVerificationDetails(CandidateSubmitProfileSme.java:958)
at com.iBridge.sme.testcases.TC_InitiateViaCandidateSmeExtended_02.candidateProfileDetailsFilling(TC_InitiateViaCandidateSmeExtended_02.java:181)
at sun.reflect.NativeMethodAccessorImpl.invoke0(Native Method)
at sun.reflect.NativeMethodAccessorImpl.invoke(NativeMethodAccessorImpl.java:62)
at sun.reflect.DelegatingMethodAccessorImpl.invoke(DelegatingMethodAccessorImpl.java:43)
at java.lang.reflect.Method.invoke(Method.java:498)
at org.testng.internal.MethodInvocationHelper.invokeMethod(MethodInvocationHelper.java:124)
at org.testng.internal.Invoker.invokeMethod(Invoker.java:583)
at org.testng.internal.Invoker.invokeTestMethod(Invoker.java:719)
at org.testng.internal.Invoker.invokeTestMethods(Invoker.java:989)
at org.testng.internal.TestMethodWorker.invokeTestMethods(TestMethodWorker.java:125)
at org.testng.internal.TestMethodWorker.run(TestMethodWorker.java:109)
at org.testng.TestRunner.privateRun(TestRunner.java:648)
at org.testng.TestRunner.run(TestRunner.java:505)
at org.testng.SuiteRunner.runTest(SuiteRunner.java:455)
at org.testng.SuiteRunner.runSequentially(SuiteRunner.java:450)
at org.testng.SuiteRunner.privateRun(SuiteRunner.java:415)
at org.testng.SuiteRunner.run(SuiteRunner.java:364)
at org.testng.SuiteRunnerWorker.runSuite(SuiteRunnerWorker.java:52)
at org.testng.SuiteRunnerWorker.run(SuiteRunnerWorker.java:84)
at org.testng.TestNG.runSuitesSequentially(TestNG.java:1208)
at org.testng.TestNG.runSuitesLocally(TestNG.java:1137)
at org.testng.TestNG.runSuites(TestNG.java:1049)
at org.testng.TestNG.run(TestNG.java:1017)
at org.apache.maven.surefire.testng.TestNGExecutor.run(TestNGExecutor.java:295)
at org.apache.maven.surefire.testng.TestNGXmlTestSuite.execute(TestNGXmlTestSuite.java:84)
at org.apache.maven.surefire.testng.TestNGProvider.invoke(TestNGProvider.java:90)
at org.apache.maven.surefire.booter.ForkedBooter.invokeProviderInSameClassLoader(ForkedBooter.java:203)
at org.apache.maven.surefire.booter.ForkedBooter.runSuitesInProcess(ForkedBooter.java:155)
at org.apache.maven.surefire.booter.ForkedBooter.main(ForkedBooter.java:103)
]]>
    </error>
  </testcase> <!-- candidateProfileDetailsFilling -->
  <testcase name="verifyAuthorizationRelease" time="0.000" classname="com.iBridge.sme.testcases.TC_InitiateViaCandidateSmeExtended_02">
    <skipped/>
  </testcase> <!-- verifyAuthorizationRelease -->
  <testcase name="verifyInitiateViaCandidateCasePaymentPending" time="0.000" classname="com.iBridge.sme.testcases.TC_InitiateViaCandidateSmeExtended_02">
    <skipped/>
  </testcase> <!-- verifyInitiateViaCandidateCasePaymentPending -->
  <testcase name="verifyFormSubmittedBucket" time="0.000" classname="com.iBridge.sme.testcases.TC_InitiateViaCandidateSmeExtended_02">
    <skipped/>
  </testcase> <!-- verifyFormSubmittedBucket -->
  <testcase name="verifyPaymentPendingBucket" time="0.000" classname="com.iBridge.sme.testcases.TC_InitiateViaCandidateSmeExtended_02">
    <skipped/>
  </testcase> <!-- verifyPaymentPendingBucket -->
  <testcase name="verifyWorkInProgressBucket" time="0.000" classname="com.iBridge.sme.testcases.TC_InitiateViaCandidateSmeExtended_02">
    <skipped/>
  </testcase> <!-- verifyWorkInProgressBucket -->
  <testcase name="verifyCaseAppearingInTotalCaseSentList" time="0.000" classname="com.iBridge.sme.testcases.TC_InitiateViaCandidateSmeExtended_02">
    <skipped/>
  </testcase> <!-- verifyCaseAppearingInTotalCaseSentList -->
  <testcase name="searchClientArsNoCaseList" time="0.000" classname="com.iBridge.sme.testcases.TC_InitiateViaCandidateSmeExtended_02">
    <skipped/>
  </testcase> <!-- searchClientArsNoCaseList -->
  <testcase name="verifyInsufficientDocsQcAllocator" time="0.000" classname="com.iBridge.sme.testcases.TC_InitiateViaCandidateSmeExtended_02">
    <skipped/>
  </testcase> <!-- verifyInsufficientDocsQcAllocator -->
  <testcase name="verifyInsufficientDocsQuality" time="0.000" classname="com.iBridge.sme.testcases.TC_InitiateViaCandidateSmeExtended_02">
    <skipped/>
  </testcase> <!-- verifyInsufficientDocsQuality -->
  <testcase name="verifyInsufficientAllocator" time="0.000" classname="com.iBridge.sme.testcases.TC_InitiateViaCandidateSmeExtended_02">
    <skipped/>
  </testcase> <!-- verifyInsufficientAllocator -->
</testsuite> <!-- com.iBridge.sme.testcases.TC_InitiateViaCandidateSmeExtended_02 -->
