<?xml version="1.0" encoding="UTF-8"?>
<!-- Generated by org.testng.reporters.JUnitReportReporter -->
<testsuite skipped="0" hostname="ARS-NBT-LAP-068" name="com.iBridge.testcases.TC_InitiateCaseIndividuallyExtended_01" tests="10" failures="0" timestamp="15 Jul 2022 05:22:39 GMT" time="545.586" errors="0">
  <testcase name="initiateCaseIndividuallyExtended" time="60.929" classname="com.iBridge.testcases.TC_InitiateCaseIndividuallyExtended_01"/>
  <testcase name="pendingCaseSubmissionVerification" time="7.458" classname="com.iBridge.testcases.TC_InitiateCaseIndividuallyExtended_01"/>
  <testcase name="candidateEmailVerification" time="4.135" classname="com.iBridge.testcases.TC_InitiateCaseIndividuallyExtended_01"/>
  <testcase name="candidateLoginAccount" time="163.089" classname="com.iBridge.testcases.TC_InitiateCaseIndividuallyExtended_01"/>
  <testcase name="submittedForVerification" time="23.568" classname="com.iBridge.testcases.TC_InitiateCaseIndividuallyExtended_01"/>
  <testcase name="submittedCasesTrackerWipCases" time="6.048" classname="com.iBridge.testcases.TC_InitiateCaseIndividuallyExtended_01"/>
  <testcase name="searchClientArsNoCaseList" time="13.290" classname="com.iBridge.testcases.TC_InitiateCaseIndividuallyExtended_01"/>
  <testcase name="verifyInsufficientDocsQcAllocator" time="48.479" classname="com.iBridge.testcases.TC_InitiateCaseIndividuallyExtended_01"/>
  <testcase name="verifyInsufficientDocsQuality" time="191.943" classname="com.iBridge.testcases.TC_InitiateCaseIndividuallyExtended_01"/>
  <testcase name="verifyInsufficientAllocator" time="26.647" classname="com.iBridge.testcases.TC_InitiateCaseIndividuallyExtended_01"/>
</testsuite> <!-- com.iBridge.testcases.TC_InitiateCaseIndividuallyExtended_01 -->
