<?xml version="1.0" encoding="UTF-8"?>
<!-- Generated by org.testng.reporters.JUnitReportReporter -->
<testsuite skipped="0" hostname="ARS-NBT-LAP-068" name="com.signdrive.testcases.SignDrive_Approved_Test" tests="10" failures="0" timestamp="12 Jun 2022 13:15:40 GMT" time="605.292" errors="0">
  <testcase name="signDriveLogin" time="11.065" classname="com.signdrive.testcases.SignDrive_Approved_Test"/>
  <testcase name="initiateViaCandidate" time="27.943" classname="com.signdrive.testcases.SignDrive_Approved_Test"/>
  <testcase name="uploadCTCFile" time="27.924" classname="com.signdrive.testcases.SignDrive_Approved_Test"/>
  <testcase name="emailVerification" time="50.191" classname="com.signdrive.testcases.SignDrive_Approved_Test"/>
  <testcase name="verifyOLAcceptedByCandidate" time="158.704" classname="com.signdrive.testcases.SignDrive_Approved_Test"/>
  <testcase name="bgvLogin" time="64.304" classname="com.signdrive.testcases.SignDrive_Approved_Test"/>
  <testcase name="fillAndSumitForm" time="62.937" classname="com.signdrive.testcases.SignDrive_Approved_Test"/>
  <testcase name="pendingSignOffBucket" time="20.250" classname="com.signdrive.testcases.SignDrive_Approved_Test"/>
  <testcase name="verifyInstaform" time="25.531" classname="com.signdrive.testcases.SignDrive_Approved_Test"/>
  <testcase name="instaform" time="156.443" classname="com.signdrive.testcases.SignDrive_Approved_Test"/>
</testsuite> <!-- com.signdrive.testcases.SignDrive_Approved_Test -->
