<?xml version="1.0" encoding="UTF-8"?>
<!-- Generated by org.testng.reporters.JUnitReportReporter -->
<testsuite skipped="0" hostname="ARS-NBT-LAP-068" name="com.iBridge.sme.testcases.TC_InitiateSelfCaseSmeExtended_01" tests="8" failures="0" timestamp="20 Jul 2022 11:35:27 GMT" time="239.364" errors="0">
  <testcase name="initiateSelfCaseSme" time="16.417" classname="com.iBridge.sme.testcases.TC_InitiateSelfCaseSmeExtended_01"/>
  <testcase name="candidateProfileDetailsFilling" time="45.447" classname="com.iBridge.sme.testcases.TC_InitiateSelfCaseSmeExtended_01"/>
  <testcase name="verifyAuthorizationRelease" time="11.749" classname="com.iBridge.sme.testcases.TC_InitiateSelfCaseSmeExtended_01"/>
  <testcase name="verifyWorkInProgressCases" time="8.187" classname="com.iBridge.sme.testcases.TC_InitiateSelfCaseSmeExtended_01"/>
  <testcase name="searchClientArsNoCaseList" time="9.104" classname="com.iBridge.sme.testcases.TC_InitiateSelfCaseSmeExtended_01"/>
  <testcase name="verifyInsufficientDocsQcAllocator" time="40.249" classname="com.iBridge.sme.testcases.TC_InitiateSelfCaseSmeExtended_01"/>
  <testcase name="verifyInsufficientDocsQuality" time="97.728" classname="com.iBridge.sme.testcases.TC_InitiateSelfCaseSmeExtended_01"/>
  <testcase name="verifyInsufficientAllocator" time="10.483" classname="com.iBridge.sme.testcases.TC_InitiateSelfCaseSmeExtended_01"/>
</testsuite> <!-- com.iBridge.sme.testcases.TC_InitiateSelfCaseSmeExtended_01 -->
