<?xml version="1.0" encoding="UTF-8"?>
<!-- Generated by org.testng.reporters.JUnitReportReporter -->
<testsuite skipped="7" hostname="ARS-NBT-LAP-068" name="com.iBridge.testcases.TC_CaseCompletion_01" tests="8" failures="0" timestamp="21 Jul 2022 11:38:13 GMT" time="290.146" errors="1">
  <testcase name="checksSummaryClosedByClient" time="290.145" classname="com.iBridge.testcases.TC_CaseCompletion_01">
    <error type="java.lang.NullPointerException">
      <![CDATA[java.lang.NullPointerException
at sun.reflect.GeneratedMethodAccessor2.invoke(Unknown Source)
at sun.reflect.DelegatingMethodAccessorImpl.invoke(DelegatingMethodAccessorImpl.java:43)
at java.lang.reflect.Method.invoke(Method.java:498)
at org.openqa.selenium.support.pagefactory.internal.LocatingElementHandler.invoke(LocatingElementHandler.java:51)
at com.sun.proxy.$Proxy8.isDisplayed(Unknown Source)
at org.openqa.selenium.support.ui.ExpectedConditions.elementIfVisible(ExpectedConditions.java:315)
at org.openqa.selenium.support.ui.ExpectedConditions.access$100(ExpectedConditions.java:44)
at org.openqa.selenium.support.ui.ExpectedConditions$10.apply(ExpectedConditions.java:301)
at org.openqa.selenium.support.ui.ExpectedConditions$10.apply(ExpectedConditions.java:298)
at org.openqa.selenium.support.ui.FluentWait.until(FluentWait.java:260)
at com.iBridge.pageobject.CaseCompletion.verifyProfessionalReferenceCheckClosedByClientMsg(CaseCompletion.java:1331)
at com.iBridge.testcases.TC_CaseCompletion_01.checksSummaryClosedByClient(TC_CaseCompletion_01.java:41)
at sun.reflect.NativeMethodAccessorImpl.invoke0(Native Method)
at sun.reflect.NativeMethodAccessorImpl.invoke(NativeMethodAccessorImpl.java:62)
at sun.reflect.DelegatingMethodAccessorImpl.invoke(DelegatingMethodAccessorImpl.java:43)
at java.lang.reflect.Method.invoke(Method.java:498)
at org.testng.internal.MethodInvocationHelper.invokeMethod(MethodInvocationHelper.java:124)
at org.testng.internal.Invoker.invokeMethod(Invoker.java:583)
at org.testng.internal.Invoker.invokeTestMethod(Invoker.java:719)
at org.testng.internal.Invoker.invokeTestMethods(Invoker.java:989)
at org.testng.internal.TestMethodWorker.invokeTestMethods(TestMethodWorker.java:125)
at org.testng.internal.TestMethodWorker.run(TestMethodWorker.java:109)
at org.testng.TestRunner.privateRun(TestRunner.java:648)
at org.testng.TestRunner.run(TestRunner.java:505)
at org.testng.SuiteRunner.runTest(SuiteRunner.java:455)
at org.testng.SuiteRunner.runSequentially(SuiteRunner.java:450)
at org.testng.SuiteRunner.privateRun(SuiteRunner.java:415)
at org.testng.SuiteRunner.run(SuiteRunner.java:364)
at org.testng.SuiteRunnerWorker.runSuite(SuiteRunnerWorker.java:52)
at org.testng.SuiteRunnerWorker.run(SuiteRunnerWorker.java:84)
at org.testng.TestNG.runSuitesSequentially(TestNG.java:1208)
at org.testng.TestNG.runSuitesLocally(TestNG.java:1137)
at org.testng.TestNG.runSuites(TestNG.java:1049)
at org.testng.TestNG.run(TestNG.java:1017)
at org.apache.maven.surefire.testng.TestNGExecutor.run(TestNGExecutor.java:295)
at org.apache.maven.surefire.testng.TestNGXmlTestSuite.execute(TestNGXmlTestSuite.java:84)
at org.apache.maven.surefire.testng.TestNGProvider.invoke(TestNGProvider.java:90)
at org.apache.maven.surefire.booter.ForkedBooter.invokeProviderInSameClassLoader(ForkedBooter.java:203)
at org.apache.maven.surefire.booter.ForkedBooter.runSuitesInProcess(ForkedBooter.java:155)
at org.apache.maven.surefire.booter.ForkedBooter.main(ForkedBooter.java:103)
]]>
    </error>
  </testcase> <!-- checksSummaryClosedByClient -->
  <testcase name="educationWCheckCloseVerification" time="0.000" classname="com.iBridge.testcases.TC_CaseCompletion_01">
    <skipped/>
  </testcase> <!-- educationWCheckCloseVerification -->
  <testcase name="verificationQualityAllocator" time="0.000" classname="com.iBridge.testcases.TC_CaseCompletion_01">
    <skipped/>
  </testcase> <!-- verificationQualityAllocator -->
  <testcase name="verifyReportsManager" time="0.001" classname="com.iBridge.testcases.TC_CaseCompletion_01">
    <skipped/>
  </testcase> <!-- verifyReportsManager -->
  <testcase name="generateCaseReportPdf" time="0.000" classname="com.iBridge.testcases.TC_CaseCompletion_01">
    <skipped/>
  </testcase> <!-- generateCaseReportPdf -->
  <testcase name="verifyCompletedCasePresentOrNot" time="0.000" classname="com.iBridge.testcases.TC_CaseCompletion_01">
    <skipped/>
  </testcase> <!-- verifyCompletedCasePresentOrNot -->
  <testcase name="reOpenCompletedCase" time="0.000" classname="com.iBridge.testcases.TC_CaseCompletion_01">
    <skipped/>
  </testcase> <!-- reOpenCompletedCase -->
  <testcase name="verifyReOpenedCaseInWip" time="0.000" classname="com.iBridge.testcases.TC_CaseCompletion_01">
    <skipped/>
  </testcase> <!-- verifyReOpenedCaseInWip -->
</testsuite> <!-- com.iBridge.testcases.TC_CaseCompletion_01 -->
