<?xml version="1.0" encoding="UTF-8"?>
<!-- Generated by org.testng.reporters.JUnitReportReporter -->
<testsuite skipped="0" hostname="ARS-NBT-LAP-068" name="com.iBridge.testcases.TC_InsufficientBridge_01" tests="17" failures="0" timestamp="07 Jul 2022 19:50:07 GMT" time="303.910" errors="0">
  <testcase name="verifyInsufficientVerifier" time="31.984" classname="com.iBridge.testcases.TC_InsufficientBridge_01"/>
  <testcase name="verifyInsufficientpendingForFulfilment" time="24.807" classname="com.iBridge.testcases.TC_InsufficientBridge_01"/>
  <testcase name="verifyInsufficiencyFulfillment" time="14.067" classname="com.iBridge.testcases.TC_InsufficientBridge_01"/>
  <testcase name="verifyInsufficientCasesPresentOrNot" time="10.184" classname="com.iBridge.testcases.TC_InsufficientBridge_01"/>
  <testcase name="verifyInsufficientVerifierPanCheck" time="25.859" classname="com.iBridge.testcases.TC_InsufficientBridge_01"/>
  <testcase name="verifyInsufficientpendingForPanNumberFulfilment" time="11.176" classname="com.iBridge.testcases.TC_InsufficientBridge_01"/>
  <testcase name="verifyInsufficiencyPartiallyApproveFulfillment" time="12.297" classname="com.iBridge.testcases.TC_InsufficientBridge_01"/>
  <testcase name="verifyInsufficientPartiallyApproveCasesPresentOrNot" time="10.258" classname="com.iBridge.testcases.TC_InsufficientBridge_01"/>
  <testcase name="verifyInsufficientVerifierIndianDatabaseCheck" time="19.111" classname="com.iBridge.testcases.TC_InsufficientBridge_01"/>
  <testcase name="verifyInsufficientpendingForIndianDatabaseFulfilment" time="10.619" classname="com.iBridge.testcases.TC_InsufficientBridge_01"/>
  <testcase name="verifyInsufficiencyRejectedFulfillment" time="13.998" classname="com.iBridge.testcases.TC_InsufficientBridge_01"/>
  <testcase name="verifyInsufficientRejectedCasesPresentOrNot" time="11.436" classname="com.iBridge.testcases.TC_InsufficientBridge_01"/>
  <testcase name="verifyRoutedToCandidate" time="11.605" classname="com.iBridge.testcases.TC_InsufficientBridge_01"/>
  <testcase name="verifyGetRouteToCandidateUserNameAndPassword" time="3.820" classname="com.iBridge.testcases.TC_InsufficientBridge_01"/>
  <testcase name="verifyRouteToCandidateDetails" time="79.327" classname="com.iBridge.testcases.TC_InsufficientBridge_01"/>
  <testcase name="verifyRouteToCandidatefullfilInsuffBucket" time="13.362" classname="com.iBridge.testcases.TC_InsufficientBridge_01"/>
  <testcase name="verifyClientAcknowledgeMail" time="0.000" classname="com.iBridge.testcases.TC_InsufficientBridge_01"/>
</testsuite> <!-- com.iBridge.testcases.TC_InsufficientBridge_01 -->
