<?xml version="1.0" encoding="UTF-8"?>
<!-- Generated by org.testng.reporters.JUnitReportReporter -->
<testsuite skipped="0" hostname="ARS-NBT-LAP-068" name="com.iBridge.sme.testcases.TC_InitiateViaCandidateSmeExtended_02" tests="15" failures="0" timestamp="23 Jun 2022 07:45:32 GMT" time="477.733" errors="0">
  <testcase name="initiateViaCandidateCaseSme" time="38.944" classname="com.iBridge.sme.testcases.TC_InitiateViaCandidateSmeExtended_02"/>
  <testcase name="verifyFormNotSubmittedCaseList" time="3.184" classname="com.iBridge.sme.testcases.TC_InitiateViaCandidateSmeExtended_02"/>
  <testcase name="candidateSmeEmailVerification" time="4.673" classname="com.iBridge.sme.testcases.TC_InitiateViaCandidateSmeExtended_02"/>
  <testcase name="candidateSmeAccountLogin" time="75.376" classname="com.iBridge.sme.testcases.TC_InitiateViaCandidateSmeExtended_02"/>
  <testcase name="candidateProfileDetailsFilling" time="55.948" classname="com.iBridge.sme.testcases.TC_InitiateViaCandidateSmeExtended_02"/>
  <testcase name="verifyAuthorizationRelease" time="11.532" classname="com.iBridge.sme.testcases.TC_InitiateViaCandidateSmeExtended_02"/>
  <testcase name="verifyInitiateViaCandidateCasePaymentPending" time="34.329" classname="com.iBridge.sme.testcases.TC_InitiateViaCandidateSmeExtended_02"/>
  <testcase name="verifyFormSubmittedBucket" time="3.294" classname="com.iBridge.sme.testcases.TC_InitiateViaCandidateSmeExtended_02"/>
  <testcase name="verifyPaymentPendingBucket" time="8.360" classname="com.iBridge.sme.testcases.TC_InitiateViaCandidateSmeExtended_02"/>
  <testcase name="verifyWorkInProgressBucket" time="2.607" classname="com.iBridge.sme.testcases.TC_InitiateViaCandidateSmeExtended_02"/>
  <testcase name="verifyCaseAppearingInTotalCaseSentList" time="2.619" classname="com.iBridge.sme.testcases.TC_InitiateViaCandidateSmeExtended_02"/>
  <testcase name="searchClientArsNoCaseList" time="17.196" classname="com.iBridge.sme.testcases.TC_InitiateViaCandidateSmeExtended_02"/>
  <testcase name="verifyInsufficientDocsQcAllocator" time="48.506" classname="com.iBridge.sme.testcases.TC_InitiateViaCandidateSmeExtended_02"/>
  <testcase name="verifyInsufficientDocsQuality" time="154.211" classname="com.iBridge.sme.testcases.TC_InitiateViaCandidateSmeExtended_02"/>
  <testcase name="verifyInsufficientAllocator" time="16.954" classname="com.iBridge.sme.testcases.TC_InitiateViaCandidateSmeExtended_02"/>
</testsuite> <!-- com.iBridge.sme.testcases.TC_InitiateViaCandidateSmeExtended_02 -->
