<?xml version="1.0" encoding="UTF-8"?>
<!-- Generated by org.testng.reporters.JUnitReportReporter -->
<testsuite skipped="0" hostname="ARS-NBT-LAP-068" name="com.signdrive.testcases.SignDrive_Approved_Test" tests="10" failures="0" timestamp="03 Jun 2022 00:56:09 GMT" time="624.089" errors="0">
  <testcase name="signDriveLogin" time="5.528" classname="com.signdrive.testcases.SignDrive_Approved_Test"/>
  <testcase name="initiateViaCandidate" time="50.711" classname="com.signdrive.testcases.SignDrive_Approved_Test"/>
  <testcase name="uploadCTCFile" time="34.744" classname="com.signdrive.testcases.SignDrive_Approved_Test"/>
  <testcase name="emailVerification" time="56.370" classname="com.signdrive.testcases.SignDrive_Approved_Test"/>
  <testcase name="verifyOLAcceptedByCandidate" time="145.938" classname="com.signdrive.testcases.SignDrive_Approved_Test"/>
  <testcase name="bgvLogin" time="48.947" classname="com.signdrive.testcases.SignDrive_Approved_Test"/>
  <testcase name="fillAndSumitForm" time="93.300" classname="com.signdrive.testcases.SignDrive_Approved_Test"/>
  <testcase name="pendingSignOffBucket" time="19.193" classname="com.signdrive.testcases.SignDrive_Approved_Test"/>
  <testcase name="verifyInstaform" time="24.231" classname="com.signdrive.testcases.SignDrive_Approved_Test"/>
  <testcase name="instaform" time="145.127" classname="com.signdrive.testcases.SignDrive_Approved_Test"/>
</testsuite> <!-- com.signdrive.testcases.SignDrive_Approved_Test -->
