<?xml version="1.0" encoding="UTF-8"?>
<!-- Generated by org.testng.reporters.JUnitReportReporter -->
<testsuite skipped="0" hostname="ARS-NBT-LAP-068" name="com.signdrive.testcases.SignDrive_RejectedOfferLetter_Test" tests="4" failures="0" timestamp="12 Jun 2022 13:15:40 GMT" time="254.509" errors="0">
  <testcase name="signDriveLogin" time="4.915" classname="com.signdrive.testcases.SignDrive_RejectedOfferLetter_Test"/>
  <testcase name="initiateViaCandidate" time="41.515" classname="com.signdrive.testcases.SignDrive_RejectedOfferLetter_Test"/>
  <testcase name="uploadCtcFile" time="24.193" classname="com.signdrive.testcases.SignDrive_RejectedOfferLetter_Test"/>
  <testcase name="candidateReceiveLink" time="183.886" classname="com.signdrive.testcases.SignDrive_RejectedOfferLetter_Test"/>
</testsuite> <!-- com.signdrive.testcases.SignDrive_RejectedOfferLetter_Test -->
