<?xml version="1.0" encoding="UTF-8"?>
<!-- Generated by org.testng.reporters.JUnitReportReporter -->
<testsuite skipped="0" hostname="ARS-NBT-LAP-068" name="com.signdrive.testcases.Initiate_new_case_test" tests="6" failures="0" timestamp="21 May 2022 15:55:05 GMT" time="82.822" errors="0">
  <testcase name="SignDrivelogintest" time="4.254" classname="com.signdrive.testcases.Initiate_new_case_test"/>
  <testcase name="iViaCandidate" time="10.512" classname="com.signdrive.testcases.Initiate_new_case_test"/>
  <testcase name="checkwise" time="30.126" classname="com.signdrive.testcases.Initiate_new_case_test"/>
  <testcase name="firstname" time="3.913" classname="com.signdrive.testcases.Initiate_new_case_test"/>
  <testcase name="additionalFields" time="13.732" classname="com.signdrive.testcases.Initiate_new_case_test"/>
  <testcase name="uploadFile" time="20.285" classname="com.signdrive.testcases.Initiate_new_case_test"/>
</testsuite> <!-- com.signdrive.testcases.Initiate_new_case_test -->
