<?xml version="1.0" encoding="UTF-8"?>
<!-- Generated by org.testng.reporters.JUnitReportReporter -->
<testsuite skipped="0" hostname="ARS-NBT-LAP-068" name="com.iBridge.sme.testcases.TC_CaseCompletionSme_01" tests="7" failures="0" timestamp="23 Jun 2022 08:01:28 GMT" time="283.760" errors="0">
  <testcase name="checksSummaryClosedByClient" time="18.260" classname="com.iBridge.sme.testcases.TC_CaseCompletionSme_01"/>
  <testcase name="educationWCheckCloseVerification" time="0.881" classname="com.iBridge.sme.testcases.TC_CaseCompletionSme_01"/>
  <testcase name="verificationQualityAllocator" time="172.717" classname="com.iBridge.sme.testcases.TC_CaseCompletionSme_01"/>
  <testcase name="verificationQualityAllocatorForReport" time="0.000" classname="com.iBridge.sme.testcases.TC_CaseCompletionSme_01"/>
  <testcase name="verificationQualityReleasedForReport" time="0.004" classname="com.iBridge.sme.testcases.TC_CaseCompletionSme_01"/>
  <testcase name="verifyReportsManager" time="27.215" classname="com.iBridge.sme.testcases.TC_CaseCompletionSme_01"/>
  <testcase name="generateCaseReportPdf" time="64.683" classname="com.iBridge.sme.testcases.TC_CaseCompletionSme_01"/>
</testsuite> <!-- com.iBridge.sme.testcases.TC_CaseCompletionSme_01 -->
