<?xml version="1.0" encoding="UTF-8"?>
<!-- Generated by org.testng.reporters.JUnitReportReporter -->
<testsuite skipped="0" hostname="ARS-NBT-LAP-068" name="com.iBridge.testcases.TC_SubmitCasesInBulkExtended_04" tests="12" failures="0" timestamp="22 Jul 2022 06:49:08 GMT" time="136.254" errors="0">
  <testcase name="submitCasesInBulkExtended" time="6.402" classname="com.iBridge.testcases.TC_SubmitCasesInBulkExtended_04"/>
  <testcase name="submitCaseInBulkExcelUpload" time="38.483" classname="com.iBridge.testcases.TC_SubmitCasesInBulkExtended_04"/>
  <testcase name="submittedForVerificationExcelUpload" time="3.857" classname="com.iBridge.testcases.TC_SubmitCasesInBulkExtended_04"/>
  <testcase name="submittedCasesTrackerExcelUploadWipCases" time="5.817" classname="com.iBridge.testcases.TC_SubmitCasesInBulkExtended_04"/>
  <testcase name="searchExcelUploadClientArsNo" time="9.963" classname="com.iBridge.testcases.TC_SubmitCasesInBulkExtended_04"/>
  <testcase name="submitCasesInBulkQuickSubmit" time="25.270" classname="com.iBridge.testcases.TC_SubmitCasesInBulkExtended_04"/>
  <testcase name="submittedForVerificationQuickSubmit" time="6.909" classname="com.iBridge.testcases.TC_SubmitCasesInBulkExtended_04"/>
  <testcase name="submittedCasesTrackerQuickSubmitWipCases" time="5.614" classname="com.iBridge.testcases.TC_SubmitCasesInBulkExtended_04"/>
  <testcase name="searchClientArsNoCaseQuickSubmit" time="2.501" classname="com.iBridge.testcases.TC_SubmitCasesInBulkExtended_04"/>
  <testcase name="loginBridgeAccountGetFolderCasesCount" time="8.380" classname="com.iBridge.testcases.TC_SubmitCasesInBulkExtended_04"/>
  <testcase name="submitCaseInFolderSubmit" time="15.143" classname="com.iBridge.testcases.TC_SubmitCasesInBulkExtended_04"/>
  <testcase name="verifyFolderCasesCountInBridge" time="7.915" classname="com.iBridge.testcases.TC_SubmitCasesInBulkExtended_04"/>
</testsuite> <!-- com.iBridge.testcases.TC_SubmitCasesInBulkExtended_04 -->
