<?xml version="1.0" encoding="UTF-8"?>
<!-- Generated by org.testng.reporters.JUnitReportReporter -->
<testsuite skipped="0" hostname="ARS-NBT-LAP-068" name="com.iBridge.sme.testcases.TC_InsufficientBridgeSme_01" tests="18" failures="0" timestamp="20 Jul 2022 11:35:27 GMT" time="229.439" errors="0">
  <testcase name="verifyInsufficientVerifier" time="31.425" classname="com.iBridge.sme.testcases.TC_InsufficientBridgeSme_01"/>
  <testcase name="verifyInsufficientAppearingOniBridge" time="3.543" classname="com.iBridge.sme.testcases.TC_InsufficientBridgeSme_01"/>
  <testcase name="verifyInsufficientpendingForFulfilment" time="14.793" classname="com.iBridge.sme.testcases.TC_InsufficientBridgeSme_01"/>
  <testcase name="verifyInsufficiencyFulfillment" time="22.003" classname="com.iBridge.sme.testcases.TC_InsufficientBridgeSme_01"/>
  <testcase name="verifyInsufficientCasesPresentOrNot" time="12.452" classname="com.iBridge.sme.testcases.TC_InsufficientBridgeSme_01"/>
  <testcase name="verifyCostApprovalRequiredInsufficient" time="26.153" classname="com.iBridge.sme.testcases.TC_InsufficientBridgeSme_01"/>
  <testcase name="verifycostApprovalRequiredInsuffCasePresentOrNot" time="3.647" classname="com.iBridge.sme.testcases.TC_InsufficientBridgeSme_01"/>
  <testcase name="verifyApprovalRequiredInsufficient" time="8.365" classname="com.iBridge.sme.testcases.TC_InsufficientBridgeSme_01"/>
  <testcase name="verifycostApprovalRequiredRemovedOrNot" time="9.113" classname="com.iBridge.sme.testcases.TC_InsufficientBridgeSme_01"/>
  <testcase name="verifyAdminUserReasonInsufficientBoth" time="26.793" classname="com.iBridge.sme.testcases.TC_InsufficientBridgeSme_01"/>
  <testcase name="verifyApprovalRequiredAndInsufficientBoth" time="8.820" classname="com.iBridge.sme.testcases.TC_InsufficientBridgeSme_01"/>
  <testcase name="verifyApprovalRequiredInsuffPresentOrNot" time="16.719" classname="com.iBridge.sme.testcases.TC_InsufficientBridgeSme_01"/>
  <testcase name="verifyApprovalRequiredInsuffBothRemovedOrNot" time="5.825" classname="com.iBridge.sme.testcases.TC_InsufficientBridgeSme_01"/>
  <testcase name="verifyInsufficientBothCasesPresentOrNot" time="5.176" classname="com.iBridge.sme.testcases.TC_InsufficientBridgeSme_01"/>
  <testcase name="verifyAdminUserInsuffRaisedCasesOnHold" time="19.567" classname="com.iBridge.sme.testcases.TC_InsufficientBridgeSme_01"/>
  <testcase name="verifyInsuffCasesOnHoldPresentOrNot" time="1.512" classname="com.iBridge.sme.testcases.TC_InsufficientBridgeSme_01"/>
  <testcase name="verifyInsuffCasesOnHoldRemovedOrNot" time="5.650" classname="com.iBridge.sme.testcases.TC_InsufficientBridgeSme_01"/>
  <testcase name="verifywithdrawCaseStatusClosedByClient" time="7.883" classname="com.iBridge.sme.testcases.TC_InsufficientBridgeSme_01"/>
</testsuite> <!-- com.iBridge.sme.testcases.TC_InsufficientBridgeSme_01 -->
