<?xml version="1.0" encoding="UTF-8"?>
<!-- Generated by org.testng.reporters.JUnitReportReporter -->
<testsuite skipped="0" hostname="ARS-NBT-LAP-068" name="com.iBridge.testcases.TC_CostApproval_01" tests="4" failures="0" timestamp="06 Jul 2022 12:04:42 GMT" time="97.842" errors="0">
  <testcase name="verifyCostApprovalVerifier" time="34.281" classname="com.iBridge.testcases.TC_CostApproval_01"/>
  <testcase name="apprringCostApprovalCaseOnHoldBucketOrNot" time="19.546" classname="com.iBridge.testcases.TC_CostApproval_01"/>
  <testcase name="verifyCostApprovalOnHoldCases" time="37.489" classname="com.iBridge.testcases.TC_CostApproval_01"/>
  <testcase name="verifyInsufficientCasesPresentOrNot" time="6.526" classname="com.iBridge.testcases.TC_CostApproval_01"/>
</testsuite> <!-- com.iBridge.testcases.TC_CostApproval_01 -->
