<?xml version="1.0" encoding="UTF-8"?>
<!-- Generated by org.testng.reporters.JUnitReportReporter -->
<testsuite skipped="0" hostname="ARS-NBT-LAP-068" name="com.iBridge.sme.testcases.TC_InitiateSelfCaseSmeExtended_01" tests="8" failures="0" timestamp="17 Jun 2022 05:59:23 GMT" time="329.866" errors="0">
  <testcase name="initiateSelfCaseSme" time="38.965" classname="com.iBridge.sme.testcases.TC_InitiateSelfCaseSmeExtended_01"/>
  <testcase name="candidateProfileDetailsFilling" time="60.946" classname="com.iBridge.sme.testcases.TC_InitiateSelfCaseSmeExtended_01"/>
  <testcase name="verifyAuthorizationRelease" time="13.929" classname="com.iBridge.sme.testcases.TC_InitiateSelfCaseSmeExtended_01"/>
  <testcase name="verifyWorkInProgressCases" time="3.059" classname="com.iBridge.sme.testcases.TC_InitiateSelfCaseSmeExtended_01"/>
  <testcase name="searchClientArsNoCaseList" time="13.350" classname="com.iBridge.sme.testcases.TC_InitiateSelfCaseSmeExtended_01"/>
  <testcase name="verifyInsufficientDocsQcAllocator" time="48.670" classname="com.iBridge.sme.testcases.TC_InitiateSelfCaseSmeExtended_01"/>
  <testcase name="verifyInsufficientDocsQuality" time="136.590" classname="com.iBridge.sme.testcases.TC_InitiateSelfCaseSmeExtended_01"/>
  <testcase name="verifyInsufficientAllocator" time="14.357" classname="com.iBridge.sme.testcases.TC_InitiateSelfCaseSmeExtended_01"/>
</testsuite> <!-- com.iBridge.sme.testcases.TC_InitiateSelfCaseSmeExtended_01 -->
