<?xml version="1.0" encoding="UTF-8"?>
<!-- Generated by org.testng.reporters.JUnitReportReporter -->
<testsuite skipped="0" hostname="ARS-NBT-LAP-068" name="com.iBridge.testcases.TC_CasesPendingInitiation_01" tests="2" failures="0" timestamp="04 Jul 2022 08:28:55 GMT" time="49.409" errors="0">
  <testcase name="casesSubmissionSummary" time="43.697" classname="com.iBridge.testcases.TC_CasesPendingInitiation_01"/>
  <testcase name="pendingCasesInitiation" time="5.712" classname="com.iBridge.testcases.TC_CasesPendingInitiation_01"/>
</testsuite> <!-- com.iBridge.testcases.TC_CasesPendingInitiation_01 -->
