<?xml version="1.0" encoding="UTF-8"?>
<!-- Generated by org.testng.reporters.JUnitReportReporter -->
<testsuite skipped="0" hostname="ARS-NBT-LAP-068" name="com.iBridge.sme.testcases.TC_WithdrawSmeCase_01" tests="4" failures="0" timestamp="23 Jun 2022 06:58:03 GMT" time="314.169" errors="0">
  <testcase name="verifyFormNotSubmittedCaseWithdraw" time="98.921" classname="com.iBridge.sme.testcases.TC_WithdrawSmeCase_01"/>
  <testcase name="verifyCandidateNameInWithdrawnBucket" time="2.923" classname="com.iBridge.sme.testcases.TC_WithdrawSmeCase_01"/>
  <testcase name="verifyInitiateViaCandidateCaseWithdraw" time="210.264" classname="com.iBridge.sme.testcases.TC_WithdrawSmeCase_01"/>
  <testcase name="verifyclosedByClientBucket" time="2.061" classname="com.iBridge.sme.testcases.TC_WithdrawSmeCase_01"/>
</testsuite> <!-- com.iBridge.sme.testcases.TC_WithdrawSmeCase_01 -->
