<?xml version="1.0" encoding="UTF-8"?>
<!-- Generated by org.testng.reporters.JUnitReportReporter -->
<testsuite skipped="0" hostname="ARS-NBT-LAP-068" name="com.signdrive.testcases.SignDrive_ManaulTrigger_Test" tests="12" failures="0" timestamp="13 Jun 2022 04:53:48 GMT" time="959.453" errors="0">
  <testcase name="signDrivelogin" time="5.492" classname="com.signdrive.testcases.SignDrive_ManaulTrigger_Test"/>
  <testcase name="initiateViaCandidate" time="40.514" classname="com.signdrive.testcases.SignDrive_ManaulTrigger_Test"/>
  <testcase name="uploadCTCFile" time="20.736" classname="com.signdrive.testcases.SignDrive_ManaulTrigger_Test"/>
  <testcase name="emailVerification" time="59.537" classname="com.signdrive.testcases.SignDrive_ManaulTrigger_Test"/>
  <testcase name="verifyOLAcceptedByCandidate" time="169.486" classname="com.signdrive.testcases.SignDrive_ManaulTrigger_Test"/>
  <testcase name="bgvLogin" time="75.678" classname="com.signdrive.testcases.SignDrive_ManaulTrigger_Test"/>
  <testcase name="fillAndSubmitForm" time="59.091" classname="com.signdrive.testcases.SignDrive_ManaulTrigger_Test"/>
  <testcase name="pendingSignOffBucket" time="23.575" classname="com.signdrive.testcases.SignDrive_ManaulTrigger_Test"/>
  <testcase name="verifyInstaform" time="22.850" classname="com.signdrive.testcases.SignDrive_ManaulTrigger_Test"/>
  <testcase name="instaform" time="270.834" classname="com.signdrive.testcases.SignDrive_ManaulTrigger_Test"/>
  <testcase name="addAdditionalDetail" time="8.639" classname="com.signdrive.testcases.SignDrive_ManaulTrigger_Test"/>
  <testcase name="alLink" time="203.021" classname="com.signdrive.testcases.SignDrive_ManaulTrigger_Test"/>
</testsuite> <!-- com.signdrive.testcases.SignDrive_ManaulTrigger_Test -->
