<?xml version="1.0" encoding="UTF-8"?>
<!-- Generated by org.testng.reporters.JUnitReportReporter -->
<testsuite skipped="0" hostname="ARS-NBT-LAP-068" name="com.signdrive.testcases.SignDrive_Rejected_EPFO_Test" tests="10" failures="0" timestamp="12 Jun 2022 13:15:40 GMT" time="593.314" errors="0">
  <testcase name="signDriveLogin" time="3.976" classname="com.signdrive.testcases.SignDrive_Rejected_EPFO_Test"/>
  <testcase name="initiateViaCandidate" time="43.664" classname="com.signdrive.testcases.SignDrive_Rejected_EPFO_Test"/>
  <testcase name="uploadCTCFile" time="23.911" classname="com.signdrive.testcases.SignDrive_Rejected_EPFO_Test"/>
  <testcase name="emailVerification" time="51.283" classname="com.signdrive.testcases.SignDrive_Rejected_EPFO_Test"/>
  <testcase name="verifyOLAcceptedByCandidate" time="171.358" classname="com.signdrive.testcases.SignDrive_Rejected_EPFO_Test"/>
  <testcase name="bgvLogin" time="67.063" classname="com.signdrive.testcases.SignDrive_Rejected_EPFO_Test"/>
  <testcase name="fillAndSumitForm" time="58.125" classname="com.signdrive.testcases.SignDrive_Rejected_EPFO_Test"/>
  <testcase name="pendingSignOffBucket" time="20.232" classname="com.signdrive.testcases.SignDrive_Rejected_EPFO_Test"/>
  <testcase name="verifyInstaform" time="23.740" classname="com.signdrive.testcases.SignDrive_Rejected_EPFO_Test"/>
  <testcase name="instaform" time="129.962" classname="com.signdrive.testcases.SignDrive_Rejected_EPFO_Test"/>
</testsuite> <!-- com.signdrive.testcases.SignDrive_Rejected_EPFO_Test -->
