<?xml version="1.0" encoding="UTF-8"?>
<!-- Generated by org.testng.reporters.JUnitReportReporter -->
<testsuite skipped="0" hostname="ARS-NBT-LAP-068" name="com.iBridge.testcases.TC_CasesPendingInitiation_01" tests="2" failures="0" timestamp="06 Jul 2022 03:38:51 GMT" time="42.702" errors="0">
  <testcase name="casesSubmissionSummary" time="37.118" classname="com.iBridge.testcases.TC_CasesPendingInitiation_01"/>
  <testcase name="pendingCasesInitiation" time="5.584" classname="com.iBridge.testcases.TC_CasesPendingInitiation_01"/>
</testsuite> <!-- com.iBridge.testcases.TC_CasesPendingInitiation_01 -->
