<?xml version="1.0" encoding="UTF-8"?>
<!-- Generated by org.testng.reporters.JUnitReportReporter -->
<testsuite skipped="0" hostname="ARS-NBT-LAP-068" name="com.iBridge.testcases.TC_InitiateCaseIndividuallyExtended_01" tests="10" failures="0" timestamp="22 Jul 2022 08:45:47 GMT" time="497.223" errors="0">
  <testcase name="initiateCaseIndividuallyExtended" time="48.771" classname="com.iBridge.testcases.TC_InitiateCaseIndividuallyExtended_01"/>
  <testcase name="pendingCaseSubmissionVerification" time="4.046" classname="com.iBridge.testcases.TC_InitiateCaseIndividuallyExtended_01"/>
  <testcase name="candidateEmailVerification" time="3.847" classname="com.iBridge.testcases.TC_InitiateCaseIndividuallyExtended_01"/>
  <testcase name="candidateLoginAccount" time="207.929" classname="com.iBridge.testcases.TC_InitiateCaseIndividuallyExtended_01"/>
  <testcase name="submittedForVerification" time="10.842" classname="com.iBridge.testcases.TC_InitiateCaseIndividuallyExtended_01"/>
  <testcase name="submittedCasesTrackerWipCases" time="5.504" classname="com.iBridge.testcases.TC_InitiateCaseIndividuallyExtended_01"/>
  <testcase name="searchClientArsNoCaseList" time="9.123" classname="com.iBridge.testcases.TC_InitiateCaseIndividuallyExtended_01"/>
  <testcase name="verifyInsufficientDocsQcAllocator" time="27.329" classname="com.iBridge.testcases.TC_InitiateCaseIndividuallyExtended_01"/>
  <testcase name="verifyInsufficientDocsQuality" time="72.768" classname="com.iBridge.testcases.TC_InitiateCaseIndividuallyExtended_01"/>
  <testcase name="verifyInsufficientAllocator" time="107.064" classname="com.iBridge.testcases.TC_InitiateCaseIndividuallyExtended_01"/>
</testsuite> <!-- com.iBridge.testcases.TC_InitiateCaseIndividuallyExtended_01 -->
