<?xml version="1.0" encoding="UTF-8"?>
<!-- Generated by org.testng.reporters.JUnitReportReporter -->
<testsuite skipped="0" hostname="ARS-NBT-LAP-068" name="com.signdrive.testcases.SignDrive_Rejected_EPFO_Test" tests="10" failures="0" timestamp="09 Jun 2022 08:37:13 GMT" time="693.365" errors="0">
  <testcase name="signDriveLogin" time="5.034" classname="com.signdrive.testcases.SignDrive_Rejected_EPFO_Test"/>
  <testcase name="initiateViaCandidate" time="59.894" classname="com.signdrive.testcases.SignDrive_Rejected_EPFO_Test"/>
  <testcase name="uploadCTCFile" time="26.439" classname="com.signdrive.testcases.SignDrive_Rejected_EPFO_Test"/>
  <testcase name="emailVerification" time="59.483" classname="com.signdrive.testcases.SignDrive_Rejected_EPFO_Test"/>
  <testcase name="verifyOLAcceptedByCandidate" time="203.313" classname="com.signdrive.testcases.SignDrive_Rejected_EPFO_Test"/>
  <testcase name="bgvLogin" time="62.538" classname="com.signdrive.testcases.SignDrive_Rejected_EPFO_Test"/>
  <testcase name="fillAndSumitForm" time="95.194" classname="com.signdrive.testcases.SignDrive_Rejected_EPFO_Test"/>
  <testcase name="pendingSignOffBucket" time="21.611" classname="com.signdrive.testcases.SignDrive_Rejected_EPFO_Test"/>
  <testcase name="verifyInstaform" time="30.963" classname="com.signdrive.testcases.SignDrive_Rejected_EPFO_Test"/>
  <testcase name="instaform" time="128.896" classname="com.signdrive.testcases.SignDrive_Rejected_EPFO_Test"/>
</testsuite> <!-- com.signdrive.testcases.SignDrive_Rejected_EPFO_Test -->
