<?xml version="1.0" encoding="UTF-8"?>
<!-- Generated by org.testng.reporters.JUnitReportReporter -->
<testsuite skipped="0" hostname="ARS-NBT-LAP-068" name="com.iBridge.testcases.TC_LoginTest_01" tests="1" failures="0" timestamp="04 Jul 2022 08:27:24 GMT" time="18.689" errors="0">
  <testcase name="loginTest" time="18.689" classname="com.iBridge.testcases.TC_LoginTest_01"/>
</testsuite> <!-- com.iBridge.testcases.TC_LoginTest_01 -->
