<?xml version="1.0" encoding="UTF-8"?>
<!-- Generated by org.testng.reporters.JUnitReportReporter -->
<testsuite skipped="0" hostname="ARS-NBT-LAP-068" name="com.iBridge.testcases.TC_InitiateCaseIndividuallyExtended_01" tests="10" failures="0" timestamp="06 Jul 2022 12:44:13 GMT" time="526.322" errors="0">
  <testcase name="initiateCaseIndividuallyExtended" time="59.677" classname="com.iBridge.testcases.TC_InitiateCaseIndividuallyExtended_01"/>
  <testcase name="pendingCaseSubmissionVerification" time="12.455" classname="com.iBridge.testcases.TC_InitiateCaseIndividuallyExtended_01"/>
  <testcase name="candidateEmailVerification" time="5.119" classname="com.iBridge.testcases.TC_InitiateCaseIndividuallyExtended_01"/>
  <testcase name="candidateLoginAccount" time="218.488" classname="com.iBridge.testcases.TC_InitiateCaseIndividuallyExtended_01"/>
  <testcase name="submittedForVerification" time="32.467" classname="com.iBridge.testcases.TC_InitiateCaseIndividuallyExtended_01"/>
  <testcase name="submittedCasesTrackerWipCases" time="5.999" classname="com.iBridge.testcases.TC_InitiateCaseIndividuallyExtended_01"/>
  <testcase name="searchClientArsNoCaseList" time="13.734" classname="com.iBridge.testcases.TC_InitiateCaseIndividuallyExtended_01"/>
  <testcase name="verifyInsufficientDocsQcAllocator" time="49.134" classname="com.iBridge.testcases.TC_InitiateCaseIndividuallyExtended_01"/>
  <testcase name="verifyInsufficientDocsQuality" time="112.871" classname="com.iBridge.testcases.TC_InitiateCaseIndividuallyExtended_01"/>
  <testcase name="verifyInsufficientAllocator" time="16.378" classname="com.iBridge.testcases.TC_InitiateCaseIndividuallyExtended_01"/>
</testsuite> <!-- com.iBridge.testcases.TC_InitiateCaseIndividuallyExtended_01 -->
