<?xml version="1.0" encoding="UTF-8"?>
<!-- Generated by org.testng.reporters.JUnitReportReporter -->
<testsuite skipped="0" hostname="ARS-NBT-LAP-068" name="com.signdrive.testcases.SignDrive_RejectedOfferLetter_Test" tests="4" failures="0" timestamp="25 Jul 2022 07:07:39 GMT" time="192.256" errors="0">
  <testcase name="signDriveLogin" time="1.509" classname="com.signdrive.testcases.SignDrive_RejectedOfferLetter_Test"/>
  <testcase name="initiateViaCandidate" time="21.177" classname="com.signdrive.testcases.SignDrive_RejectedOfferLetter_Test"/>
  <testcase name="uploadCtcFile" time="14.981" classname="com.signdrive.testcases.SignDrive_RejectedOfferLetter_Test"/>
  <testcase name="candidateReceiveLink" time="154.589" classname="com.signdrive.testcases.SignDrive_RejectedOfferLetter_Test"/>
</testsuite> <!-- com.signdrive.testcases.SignDrive_RejectedOfferLetter_Test -->
