<?xml version="1.0" encoding="UTF-8"?>
<!-- Generated by org.testng.reporters.JUnitReportReporter -->
<testsuite skipped="11" hostname="ARS-NBT-LAP-068" name="com.iBridge.testcases.TC_SubmitCasesInBulkExtended_04" tests="12" failures="0" timestamp="19 May 2022 12:06:10 GMT" time="2.949" errors="1">
  <testcase name="submitCasesInBulkExtended" time="2.948" classname="com.iBridge.testcases.TC_SubmitCasesInBulkExtended_04">
    <error type="java.lang.NullPointerException">
      <![CDATA[java.lang.NullPointerException
at sun.reflect.NativeMethodAccessorImpl.invoke0(Native Method)
at sun.reflect.NativeMethodAccessorImpl.invoke(NativeMethodAccessorImpl.java:62)
at sun.reflect.DelegatingMethodAccessorImpl.invoke(DelegatingMethodAccessorImpl.java:43)
at java.lang.reflect.Method.invoke(Method.java:498)
at org.openqa.selenium.support.pagefactory.internal.LocatingElementHandler.invoke(LocatingElementHandler.java:51)
at com.sun.proxy.$Proxy8.isDisplayed(Unknown Source)
at org.openqa.selenium.support.ui.ExpectedConditions.elementIfVisible(ExpectedConditions.java:315)
at org.openqa.selenium.support.ui.ExpectedConditions.access$100(ExpectedConditions.java:44)
at org.openqa.selenium.support.ui.ExpectedConditions$10.apply(ExpectedConditions.java:301)
at org.openqa.selenium.support.ui.ExpectedConditions$10.apply(ExpectedConditions.java:298)
at org.openqa.selenium.support.ui.FluentWait.until(FluentWait.java:260)
at com.iBridge.pageobject.LoginPage.verifyDashboardCaseSubmissionSummaryText(LoginPage.java:56)
at com.iBridge.testcases.TC_SubmitCasesInBulkExtended_04.submitCasesInBulkExtended(TC_SubmitCasesInBulkExtended_04.java:34)
at sun.reflect.NativeMethodAccessorImpl.invoke0(Native Method)
at sun.reflect.NativeMethodAccessorImpl.invoke(NativeMethodAccessorImpl.java:62)
at sun.reflect.DelegatingMethodAccessorImpl.invoke(DelegatingMethodAccessorImpl.java:43)
at java.lang.reflect.Method.invoke(Method.java:498)
at org.testng.internal.MethodInvocationHelper.invokeMethod(MethodInvocationHelper.java:124)
at org.testng.internal.Invoker.invokeMethod(Invoker.java:583)
at org.testng.internal.Invoker.invokeTestMethod(Invoker.java:719)
at org.testng.internal.Invoker.invokeTestMethods(Invoker.java:989)
at org.testng.internal.TestMethodWorker.invokeTestMethods(TestMethodWorker.java:125)
at org.testng.internal.TestMethodWorker.run(TestMethodWorker.java:109)
at org.testng.TestRunner.privateRun(TestRunner.java:648)
at org.testng.TestRunner.run(TestRunner.java:505)
at org.testng.SuiteRunner.runTest(SuiteRunner.java:455)
at org.testng.SuiteRunner.runSequentially(SuiteRunner.java:450)
at org.testng.SuiteRunner.privateRun(SuiteRunner.java:415)
at org.testng.SuiteRunner.run(SuiteRunner.java:364)
at org.testng.SuiteRunnerWorker.runSuite(SuiteRunnerWorker.java:52)
at org.testng.SuiteRunnerWorker.run(SuiteRunnerWorker.java:84)
at org.testng.TestNG.runSuitesSequentially(TestNG.java:1208)
at org.testng.TestNG.runSuitesLocally(TestNG.java:1137)
at org.testng.TestNG.runSuites(TestNG.java:1049)
at org.testng.TestNG.run(TestNG.java:1017)
at org.apache.maven.surefire.testng.TestNGExecutor.run(TestNGExecutor.java:295)
at org.apache.maven.surefire.testng.TestNGXmlTestSuite.execute(TestNGXmlTestSuite.java:84)
at org.apache.maven.surefire.testng.TestNGProvider.invoke(TestNGProvider.java:90)
at org.apache.maven.surefire.booter.ForkedBooter.invokeProviderInSameClassLoader(ForkedBooter.java:203)
at org.apache.maven.surefire.booter.ForkedBooter.runSuitesInProcess(ForkedBooter.java:155)
at org.apache.maven.surefire.booter.ForkedBooter.main(ForkedBooter.java:103)
]]>
    </error>
  </testcase> <!-- submitCasesInBulkExtended -->
  <testcase name="submitCaseInBulkExcelUpload" time="0.000" classname="com.iBridge.testcases.TC_SubmitCasesInBulkExtended_04">
    <skipped/>
  </testcase> <!-- submitCaseInBulkExcelUpload -->
  <testcase name="submittedForVerificationExcelUpload" time="0.001" classname="com.iBridge.testcases.TC_SubmitCasesInBulkExtended_04">
    <skipped/>
  </testcase> <!-- submittedForVerificationExcelUpload -->
  <testcase name="submittedCasesTrackerExcelUploadWipCases" time="0.000" classname="com.iBridge.testcases.TC_SubmitCasesInBulkExtended_04">
    <skipped/>
  </testcase> <!-- submittedCasesTrackerExcelUploadWipCases -->
  <testcase name="searchExcelUploadClientArsNo" time="0.000" classname="com.iBridge.testcases.TC_SubmitCasesInBulkExtended_04">
    <skipped/>
  </testcase> <!-- searchExcelUploadClientArsNo -->
  <testcase name="submitCasesInBulkQuickSubmit" time="0.000" classname="com.iBridge.testcases.TC_SubmitCasesInBulkExtended_04">
    <skipped/>
  </testcase> <!-- submitCasesInBulkQuickSubmit -->
  <testcase name="submittedForVerificationQuickSubmit" time="0.000" classname="com.iBridge.testcases.TC_SubmitCasesInBulkExtended_04">
    <skipped/>
  </testcase> <!-- submittedForVerificationQuickSubmit -->
  <testcase name="submittedCasesTrackerQuickSubmitWipCases" time="0.000" classname="com.iBridge.testcases.TC_SubmitCasesInBulkExtended_04">
    <skipped/>
  </testcase> <!-- submittedCasesTrackerQuickSubmitWipCases -->
  <testcase name="searchClientArsNoCaseQuickSubmit" time="0.000" classname="com.iBridge.testcases.TC_SubmitCasesInBulkExtended_04">
    <skipped/>
  </testcase> <!-- searchClientArsNoCaseQuickSubmit -->
  <testcase name="loginBridgeAccountGetFolderCasesCount" time="0.000" classname="com.iBridge.testcases.TC_SubmitCasesInBulkExtended_04">
    <skipped/>
  </testcase> <!-- loginBridgeAccountGetFolderCasesCount -->
  <testcase name="submitCaseInFolderSubmit" time="0.000" classname="com.iBridge.testcases.TC_SubmitCasesInBulkExtended_04">
    <skipped/>
  </testcase> <!-- submitCaseInFolderSubmit -->
  <testcase name="verifyFolderCasesCountInBridge" time="0.000" classname="com.iBridge.testcases.TC_SubmitCasesInBulkExtended_04">
    <skipped/>
  </testcase> <!-- verifyFolderCasesCountInBridge -->
</testsuite> <!-- com.iBridge.testcases.TC_SubmitCasesInBulkExtended_04 -->
