<?xml version="1.0" encoding="UTF-8"?>
<!-- Generated by org.testng.reporters.JUnitReportReporter -->
<testsuite skipped="7" hostname="ARS-NBT-LAP-068" name="com.iBridge.testcases.TC_CaseCompletion_01" tests="8" failures="0" timestamp="17 May 2022 12:13:12 GMT" time="302.369" errors="1">
  <testcase name="checksSummaryClosedByClient" time="302.369" classname="com.iBridge.testcases.TC_CaseCompletion_01">
    <error type="org.openqa.selenium.TimeoutException" message="Expected condition failed: waiting for visibility of [[ChromeDriver: chrome on LINUX (09771adfdb838e45dc0aba6b49d24c67)] -&gt; xpath: //select[@id=&#039;user_current_role&#039;]] (tried for 300 second(s) with 500 milliseconds interval)">
      <![CDATA[org.openqa.selenium.TimeoutException: Expected condition failed: waiting for visibility of [[ChromeDriver: chrome on LINUX (09771adfdb838e45dc0aba6b49d24c67)] -> xpath: //select[@id='user_current_role']] (tried for 300 second(s) with 500 milliseconds interval)
at org.openqa.selenium.support.ui.WebDriverWait.timeoutException(WebDriverWait.java:113)
at org.openqa.selenium.support.ui.FluentWait.until(FluentWait.java:283)
at com.iBridge.pageobject.CaseCompletion.userAdminChecksSummaryClosedByClient(CaseCompletion.java:960)
at com.iBridge.testcases.TC_CaseCompletion_01.checksSummaryClosedByClient(TC_CaseCompletion_01.java:31)
at sun.reflect.NativeMethodAccessorImpl.invoke0(Native Method)
at sun.reflect.NativeMethodAccessorImpl.invoke(NativeMethodAccessorImpl.java:62)
at sun.reflect.DelegatingMethodAccessorImpl.invoke(DelegatingMethodAccessorImpl.java:43)
at java.lang.reflect.Method.invoke(Method.java:498)
at org.testng.internal.MethodInvocationHelper.invokeMethod(MethodInvocationHelper.java:124)
at org.testng.internal.Invoker.invokeMethod(Invoker.java:583)
at org.testng.internal.Invoker.invokeTestMethod(Invoker.java:719)
at org.testng.internal.Invoker.invokeTestMethods(Invoker.java:989)
at org.testng.internal.TestMethodWorker.invokeTestMethods(TestMethodWorker.java:125)
at org.testng.internal.TestMethodWorker.run(TestMethodWorker.java:109)
at org.testng.TestRunner.privateRun(TestRunner.java:648)
at org.testng.TestRunner.run(TestRunner.java:505)
at org.testng.SuiteRunner.runTest(SuiteRunner.java:455)
at org.testng.SuiteRunner.runSequentially(SuiteRunner.java:450)
at org.testng.SuiteRunner.privateRun(SuiteRunner.java:415)
at org.testng.SuiteRunner.run(SuiteRunner.java:364)
at org.testng.SuiteRunnerWorker.runSuite(SuiteRunnerWorker.java:52)
at org.testng.SuiteRunnerWorker.run(SuiteRunnerWorker.java:84)
at org.testng.TestNG.runSuitesSequentially(TestNG.java:1208)
at org.testng.TestNG.runSuitesLocally(TestNG.java:1137)
at org.testng.TestNG.runSuites(TestNG.java:1049)
at org.testng.TestNG.run(TestNG.java:1017)
at org.apache.maven.surefire.testng.TestNGExecutor.run(TestNGExecutor.java:295)
at org.apache.maven.surefire.testng.TestNGXmlTestSuite.execute(TestNGXmlTestSuite.java:84)
at org.apache.maven.surefire.testng.TestNGProvider.invoke(TestNGProvider.java:90)
at org.apache.maven.surefire.booter.ForkedBooter.invokeProviderInSameClassLoader(ForkedBooter.java:203)
at org.apache.maven.surefire.booter.ForkedBooter.runSuitesInProcess(ForkedBooter.java:155)
at org.apache.maven.surefire.booter.ForkedBooter.main(ForkedBooter.java:103)
Caused by: org.openqa.selenium.NoSuchWindowException: no such window: target window already closed
from unknown error: web view not found
  (Session info: chrome=101.0.4951.54)
Build info: version: '3.14.0', revision: 'aacccce0', time: '2018-08-02T20:19:58.91Z'
System info: host: 'ARS-NBT-LAP-068', ip: '192.168.19.30', os.name: 'Linux', os.arch: 'amd64', os.version: '5.13.0-40-generic', java.version: '1.8.0_312'
Driver info: org.openqa.selenium.chrome.ChromeDriver
Capabilities {acceptInsecureCerts: false, browserName: chrome, browserVersion: 101.0.4951.54, chrome: {chromedriverVersion: 101.0.4951.41 (93c720db8323..., userDataDir: /tmp/.com.google.Chrome.0iNBhP}, goog:chromeOptions: {debuggerAddress: localhost:42725}, javascriptEnabled: true, networkConnectionEnabled: false, pageLoadStrategy: normal, platform: LINUX, platformName: LINUX, proxy: Proxy(), setWindowRect: true, strictFileInteractability: false, timeouts: {implicit: 0, pageLoad: 300000, script: 30000}, unhandledPromptBehavior: dismiss and notify, webauthn:extension:credBlob: true, webauthn:extension:largeBlob: true, webauthn:virtualAuthenticators: true}
Session ID: 09771adfdb838e45dc0aba6b49d24c67
at sun.reflect.GeneratedConstructorAccessor14.newInstance(Unknown Source)
at sun.reflect.DelegatingConstructorAccessorImpl.newInstance(DelegatingConstructorAccessorImpl.java:45)
at java.lang.reflect.Constructor.newInstance(Constructor.java:423)
at org.openqa.selenium.remote.http.W3CHttpResponseCodec.createException(W3CHttpResponseCodec.java:187)
at org.openqa.selenium.remote.http.W3CHttpResponseCodec.decode(W3CHttpResponseCodec.java:122)
at org.openqa.selenium.remote.http.W3CHttpResponseCodec.decode(W3CHttpResponseCodec.java:49)
at org.openqa.selenium.remote.HttpCommandExecutor.execute(HttpCommandExecutor.java:158)
at org.openqa.selenium.remote.service.DriverCommandExecutor.execute(DriverCommandExecutor.java:83)
at org.openqa.selenium.remote.RemoteWebDriver.execute(RemoteWebDriver.java:548)
at org.openqa.selenium.remote.RemoteWebElement.execute(RemoteWebElement.java:276)
at org.openqa.selenium.remote.RemoteWebElement.isDisplayed(RemoteWebElement.java:317)
at sun.reflect.GeneratedMethodAccessor2.invoke(Unknown Source)
at sun.reflect.DelegatingMethodAccessorImpl.invoke(DelegatingMethodAccessorImpl.java:43)
at java.lang.reflect.Method.invoke(Method.java:498)
at org.openqa.selenium.support.pagefactory.internal.LocatingElementHandler.invoke(LocatingElementHandler.java:51)
at com.sun.proxy.$Proxy9.isDisplayed(Unknown Source)
at org.openqa.selenium.support.ui.ExpectedConditions.elementIfVisible(ExpectedConditions.java:315)
at org.openqa.selenium.support.ui.ExpectedConditions.access$100(ExpectedConditions.java:44)
at org.openqa.selenium.support.ui.ExpectedConditions$10.apply(ExpectedConditions.java:301)
at org.openqa.selenium.support.ui.ExpectedConditions$10.apply(ExpectedConditions.java:298)
at org.openqa.selenium.support.ui.FluentWait.until(FluentWait.java:260)
... 30 more
]]>
    </error>
  </testcase> <!-- checksSummaryClosedByClient -->
  <testcase name="educationWCheckCloseVerification" time="0.000" classname="com.iBridge.testcases.TC_CaseCompletion_01">
    <skipped/>
  </testcase> <!-- educationWCheckCloseVerification -->
  <testcase name="verificationQualityAllocator" time="0.000" classname="com.iBridge.testcases.TC_CaseCompletion_01">
    <skipped/>
  </testcase> <!-- verificationQualityAllocator -->
  <testcase name="verifyReportsManager" time="0.000" classname="com.iBridge.testcases.TC_CaseCompletion_01">
    <skipped/>
  </testcase> <!-- verifyReportsManager -->
  <testcase name="generateCaseReportPdf" time="0.000" classname="com.iBridge.testcases.TC_CaseCompletion_01">
    <skipped/>
  </testcase> <!-- generateCaseReportPdf -->
  <testcase name="verifyCompletedCasePresentOrNot" time="0.000" classname="com.iBridge.testcases.TC_CaseCompletion_01">
    <skipped/>
  </testcase> <!-- verifyCompletedCasePresentOrNot -->
  <testcase name="reOpenCompletedCase" time="0.000" classname="com.iBridge.testcases.TC_CaseCompletion_01">
    <skipped/>
  </testcase> <!-- reOpenCompletedCase -->
  <testcase name="verifyReOpenedCaseInWip" time="0.000" classname="com.iBridge.testcases.TC_CaseCompletion_01">
    <skipped/>
  </testcase> <!-- verifyReOpenedCaseInWip -->
</testsuite> <!-- com.iBridge.testcases.TC_CaseCompletion_01 -->
