<?xml version="1.0" encoding="UTF-8"?>
<!-- Generated by org.testng.reporters.JUnitReportReporter -->
<testsuite skipped="0" hostname="ARS-NBT-LAP-068" name="com.signdrive.testcases.SignDrive_RejectedOfferLetter_Test" tests="4" failures="0" timestamp="09 Jun 2022 08:53:57 GMT" time="358.087" errors="0">
  <testcase name="signDriveLogin" time="9.185" classname="com.signdrive.testcases.SignDrive_RejectedOfferLetter_Test"/>
  <testcase name="initiateViaCandidate" time="59.542" classname="com.signdrive.testcases.SignDrive_RejectedOfferLetter_Test"/>
  <testcase name="uploadCtcFile" time="38.532" classname="com.signdrive.testcases.SignDrive_RejectedOfferLetter_Test"/>
  <testcase name="candidateReceiveLink" time="250.828" classname="com.signdrive.testcases.SignDrive_RejectedOfferLetter_Test"/>
</testsuite> <!-- com.signdrive.testcases.SignDrive_RejectedOfferLetter_Test -->
