<?xml version="1.0" encoding="UTF-8"?>
<!-- Generated by org.testng.reporters.JUnitReportReporter -->
<testsuite skipped="0" hostname="ARS-NBT-LAP-068" name="com.iBridge.testcases.TC_PrepaidSubmitCaseIndividuallyExtended_02" tests="7" failures="0" timestamp="01 Jul 2022 12:03:07 GMT" time="122.739" errors="0">
  <testcase name="verifyEnpAdminLoginAccount" time="40.925" classname="com.iBridge.testcases.TC_PrepaidSubmitCaseIndividuallyExtended_02"/>
  <testcase name="verifyPrepaidInitiateSubmitCaseIndividually" time="41.014" classname="com.iBridge.testcases.TC_PrepaidSubmitCaseIndividuallyExtended_02"/>
  <testcase name="verifyPrepaidAmountPayableValue" time="6.941" classname="com.iBridge.testcases.TC_PrepaidSubmitCaseIndividuallyExtended_02"/>
  <testcase name="verifyPrepaidPaymentPendingCases" time="7.008" classname="com.iBridge.testcases.TC_PrepaidSubmitCaseIndividuallyExtended_02"/>
  <testcase name="verifysubmittedForVerificationBucket" time="6.325" classname="com.iBridge.testcases.TC_PrepaidSubmitCaseIndividuallyExtended_02"/>
  <testcase name="submittedCasesTrackerWipCases" time="6.196" classname="com.iBridge.testcases.TC_PrepaidSubmitCaseIndividuallyExtended_02"/>
  <testcase name="searchClientArsNoCaseList" time="14.330" classname="com.iBridge.testcases.TC_PrepaidSubmitCaseIndividuallyExtended_02"/>
</testsuite> <!-- com.iBridge.testcases.TC_PrepaidSubmitCaseIndividuallyExtended_02 -->
