<?xml version="1.0" encoding="UTF-8"?>
<!-- Generated by org.testng.reporters.JUnitReportReporter -->
<testsuite skipped="0" hostname="ARS-NBT-LAP-068" name="com.signdrive.testcases.SignDrive_Rejected_EPFO_TestCases" tests="2" failures="0" timestamp="02 Jun 2022 04:39:37 GMT" time="73.021" errors="0">
  <testcase name="signDriveLogin" time="7.729" classname="com.signdrive.testcases.SignDrive_Rejected_EPFO_TestCases"/>
  <testcase name="initiateViaCandidate" time="65.292" classname="com.signdrive.testcases.SignDrive_Rejected_EPFO_TestCases"/>
</testsuite> <!-- com.signdrive.testcases.SignDrive_Rejected_EPFO_TestCases -->
