<?xml version="1.0" encoding="UTF-8"?>
<!-- Generated by org.testng.reporters.JUnitReportReporter -->
<testsuite skipped="0" hostname="ARS-NBT-LAP-068" name="com.iBridge.testcases.TC_PrepaidEnpAdmin_01" tests="4" failures="0" timestamp="30 Jun 2022 10:55:05 GMT" time="121.978" errors="0">
  <testcase name="verifyEnpAdminLoginAccount" time="29.468" classname="com.iBridge.testcases.TC_PrepaidEnpAdmin_01"/>
  <testcase name="verifyEnpAdminPrepaidConfigurationTagCheck" time="16.053" classname="com.iBridge.testcases.TC_PrepaidEnpAdmin_01"/>
  <testcase name="verifyUserPrepaidConfigurationTagCheck" time="40.672" classname="com.iBridge.testcases.TC_PrepaidEnpAdmin_01"/>
  <testcase name="verifyEnpAdminPrepaidClientConfiguration" time="35.785" classname="com.iBridge.testcases.TC_PrepaidEnpAdmin_01"/>
</testsuite> <!-- com.iBridge.testcases.TC_PrepaidEnpAdmin_01 -->
